{"/Users/Sleekvick/Projects/pipepay/server/src/middleware.js":{"path":"/Users/Sleekvick/Projects/pipepay/server/src/middleware.js","statementMap":{"0":{"start":{"line":4,"column":26},"end":{"line":8,"column":1}},"1":{"start":{"line":5,"column":4},"end":{"line":5,"column":22}},"2":{"start":{"line":6,"column":4},"end":{"line":6,"column":55}},"3":{"start":{"line":7,"column":4},"end":{"line":7,"column":31}}},"fnMap":{"0":{"name":"setGlobalMiddleware","decl":{"start":{"line":4,"column":35},"end":{"line":4,"column":54}},"loc":{"start":{"line":4,"column":60},"end":{"line":8,"column":1}},"line":4}},"branchMap":{},"s":{"0":1,"1":1,"2":1,"3":1},"f":{"0":1},"b":{},"inputSourceMap":{"version":3,"sources":["src/middleware.js"],"names":["bodyParser","morgan","setGlobalMiddleware","app","use","urlencoded","extended","json"],"mappings":"AAAA,OAAOA,UAAP,MAAuB,aAAvB;AACA,OAAOC,MAAP,MAAmB,QAAnB;;AAEA,IAAMC,sBAAsB,SAAtBA,mBAAsB,MAAO;AAC/BC,QAAIC,GAAJ,CAAQH,QAAR;AACAE,QAAIC,GAAJ,CAAQJ,WAAWK,UAAX,CAAsB,EAAEC,UAAU,IAAZ,EAAtB,CAAR;AACAH,QAAIC,GAAJ,CAAQJ,WAAWO,IAAX,EAAR;AACH,CAJD;;AAMA,eAAeL,mBAAf","file":"middleware.js","sourceRoot":"/Users/Sleekvick/Projects/pipepay/server","sourcesContent":["import bodyParser from 'body-parser';\nimport morgan from 'morgan';\n\nconst setGlobalMiddleware = app => {\n    app.use(morgan());\n    app.use(bodyParser.urlencoded({ extended: true }))\n    app.use(bodyParser.json())\n}\n\nexport default setGlobalMiddleware;"]},"_coverageSchema":"332fd63041d2c1bcb487cc26dd0d5f7d97098a6c","hash":"29cee4da1d88e554e3027715d8cf64866613745b"},"/Users/Sleekvick/Projects/pipepay/server/src/api/resources/dispute/dispute.model.js":{"path":"/Users/Sleekvick/Projects/pipepay/server/src/api/resources/dispute/dispute.model.js","statementMap":{"0":{"start":{"line":3,"column":20},"end":{"line":11,"column":2}}},"fnMap":{},"branchMap":{},"s":{"0":1},"f":{},"b":{},"inputSourceMap":{"version":3,"sources":["src/api/resources/dispute/dispute.model.js"],"names":["mongoose","DisputeSchema","Schema","customerEmail","String","marchantEmail","from","reason","category","invoiceId","type","unique","status","model"],"mappings":"AAAA,OAAOA,QAAP,MAAqB,UAArB;;AAEA,IAAMC,gBAAgB,IAAID,SAASE,MAAb,CAAoB;AACtCC,mBAAeC,MADuB;AAEtCC,mBAAeD,MAFuB;AAGtCE,UAAMF,MAHgC;AAItCG,YAAQH,MAJ8B;AAKtCI,cAAUJ,MAL4B;AAMtCK,eAAW,EAAEC,MAAMN,MAAR,EAAgBO,QAAQ,IAAxB,EAN2B;AAOtCC,YAAQR;AAP8B,CAApB,CAAtB;;AAUA,eAAeJ,SAASa,KAAT,CAAe,SAAf,EAA0BZ,aAA1B,CAAf","file":"dispute.model.js","sourceRoot":"/Users/Sleekvick/Projects/pipepay/server","sourcesContent":["import mongoose from 'mongoose';\n\nconst DisputeSchema = new mongoose.Schema({\n    customerEmail: String,\n    marchantEmail: String,\n    from: String,\n    reason: String,\n    category: String,\n    invoiceId: { type: String, unique: true },\n    status: String\n});\n\nexport default mongoose.model('Dispute', DisputeSchema);"]},"_coverageSchema":"332fd63041d2c1bcb487cc26dd0d5f7d97098a6c","hash":"fd133248553e28755a4b1ff62262a15a5497b4df"},"/Users/Sleekvick/Projects/pipepay/server/src/api/resources/invoice/invoice.model.js":{"path":"/Users/Sleekvick/Projects/pipepay/server/src/api/resources/invoice/invoice.model.js","statementMap":{"0":{"start":{"line":3,"column":29},"end":{"line":9,"column":2}},"1":{"start":{"line":11,"column":20},"end":{"line":40,"column":2}}},"fnMap":{},"branchMap":{},"s":{"0":1,"1":1},"f":{},"b":{},"inputSourceMap":{"version":3,"sources":["src/api/resources/invoice/invoice.model.js"],"names":["mongoose","MilestoneSchema","Schema","amount","type","Number","required","name","String","description","dueDate","Date","paid","Boolean","default","InvoiceSchema","userId","enum","deliveryAmount","purchaseAmount","pipePayFee","totalPrice","bankCharges","customerName","customerEmail","customerPhone","marchantName","marchantAccountNumber","marchantBankCode","marchantEmail","milestones","invoice_code","unique","verifyCode","whoPaysPipepayFee","whoPaysDeliveryFee","status","model"],"mappings":"AAAA,OAAOA,QAAP,MAAqB,UAArB;;AAEA,OAAO,IAAMC,kBAAkB,IAAID,SAASE,MAAb,CAAoB;AAC/CC,YAAQ,EAAEC,MAAMC,MAAR,EAAgBC,UAAU,IAA1B,EADuC;AAE/CC,UAAM,EAAEH,MAAMI,MAAR,EAAgBF,UAAU,IAA1B,EAFyC;AAG/CG,iBAAc,EAAEL,MAAMI,MAAR,EAAgBF,UAAU,IAA1B,EAHiC;AAI/CI,aAAS,EAAEN,MAAMO,IAAR,EAAcL,UAAU,IAAxB,EAJsC;AAK/CM,UAAM,EAAER,MAAMS,OAAR,EAAiBP,UAAU,IAA3B,EAAiCQ,SAAS,KAA1C;AALyC,CAApB,CAAxB;;AAQP,IAAMC,gBAAgB,IAAIf,SAASE,MAAb,CAAoB;AACtCc,YAAQ,EAAEZ,MAAKI,MAAP,EAAeF,UAAU,IAAzB,EAD8B;AAEtCF,UAAM,EAAEA,MAAMI,MAAR,EAAgBS,MAAM,CAAC,SAAD,EAAY,MAAZ,CAAtB,EAA2CX,UAAU,IAArD,EAFgC;AAGtCG,iBAAa,EAAEL,MAAMI,MAAR,EAAgBF,UAAU,IAA1B,EAHyB;;AAKtCY,oBAAgB,EAAEd,MAAMC,MAAR,EAAgBC,UAAU,IAA1B,EALsB;AAMtCa,oBAAgB,EAAEf,MAAMC,MAAR,EAAgBC,UAAU,IAA1B,EANsB;AAOtCc,gBAAY,EAAEhB,MAAMC,MAAR,EAAgBC,UAAU,IAA1B,EAP0B;AAQtCe,gBAAY,EAAEjB,MAAMC,MAAR,EAAgBC,UAAU,IAA1B,EAR0B;AAStCgB,iBAAa,EAAElB,MAAMC,MAAR,EAAgBC,UAAU,IAA1B,EATyB;;AAWtCiB,kBAAc,EAAEnB,MAAKI,MAAP,EAAeF,UAAU,IAAzB,EAXwB;AAYtCkB,mBAAe,EAAEpB,MAAKI,MAAP,EAAeF,UAAU,IAAzB,EAZuB;AAatCmB,mBAAe,EAAErB,MAAKI,MAAP,EAAeF,UAAU,IAAzB,EAbuB;;AAetCoB,kBAAc,EAAEtB,MAAKI,MAAP,EAAeF,UAAU,IAAzB,EAfwB;AAgBtCqB,2BAAuB,EAAEvB,MAAKI,MAAP,EAAeF,UAAU,IAAzB,EAhBe;AAiBtCsB,sBAAkB,EAAExB,MAAKI,MAAP,EAAeF,UAAU,IAAzB,EAjBoB;AAkBtCuB,mBAAe,EAAEzB,MAAKI,MAAP,EAAeF,UAAU,IAAzB,EAlBuB;;AAoBtCwB,gBAAY,CAAC7B,eAAD,CApB0B;;AAsBtC8B,kBAAc,EAAE3B,MAAKI,MAAP,EAAewB,QAAQ,IAAvB,EAtBwB;AAuBtCC,gBAAY,EAAE7B,MAAKI,MAAP,EAAewB,QAAQ,IAAvB,EAvB0B;;AAyBtCE,uBAAmB,EAAE9B,MAAMI,MAAR,EAAgBS,MAAM,CAAC,OAAD,EAAU,QAAV,EAAoB,MAApB,CAAtB,EAzBmB;AA0BtCkB,wBAAoB,EAAE/B,MAAMI,MAAR,EAAgBS,MAAM,CAAC,OAAD,EAAU,QAAV,EAAoB,MAApB,CAAtB,EA1BkB;;AA4BtCmB,YAAQ5B;AA5B8B,CAApB,CAAtB;;AA+BA,eAAeR,SAASqC,KAAT,CAAe,SAAf,EAA0BtB,aAA1B,CAAf","file":"invoice.model.js","sourceRoot":"/Users/Sleekvick/Projects/pipepay/server","sourcesContent":["import mongoose from 'mongoose';\n\nexport const MilestoneSchema = new mongoose.Schema({\n    amount: { type: Number, required: true },\n    name: { type: String, required: true },\n    description:  { type: String, required: true },\n    dueDate: { type: Date, required: true },\n    paid: { type: Boolean, required: true, default: false }\n});\n\nconst InvoiceSchema = new mongoose.Schema({\n    userId: { type:String, required: true },\n    type: { type: String, enum: ['service', 'good'], required: true },\n    description: { type: String, required: true },\n    \n    deliveryAmount: { type: Number, required: true },\n    purchaseAmount: { type: Number, required: true },\n    pipePayFee: { type: Number, required: true },\n    totalPrice: { type: Number, required: true },\n    bankCharges: { type: Number, required: true },\n\n    customerName: { type:String, required: true },\n    customerEmail: { type:String, required: true },\n    customerPhone: { type:String, required: true },\n    \n    marchantName: { type:String, required: true },\n    marchantAccountNumber: { type:String, required: true },\n    marchantBankCode: { type:String, required: true },\n    marchantEmail: { type:String, required: true },\n    \n    milestones: [MilestoneSchema],\n    \n    invoice_code: { type:String, unique: true },\n    verifyCode: { type:String, unique: true },\n\n    whoPaysPipepayFee: { type: String, enum: ['buyer', 'seller', 'both'] },\n    whoPaysDeliveryFee: { type: String, enum: ['buyer', 'seller', 'both'] }, \n\n    status: String\n});\n\nexport default mongoose.model('Invoice', InvoiceSchema);"]},"_coverageSchema":"332fd63041d2c1bcb487cc26dd0d5f7d97098a6c","hash":"28e21e67be6add693e8e7f5fe64386766e0b2cbf"},"/Users/Sleekvick/Projects/pipepay/server/src/api/modules/generateController.js":{"path":"/Users/Sleekvick/Projects/pipepay/server/src/api/modules/generateController.js","statementMap":{"0":{"start":{"line":4,"column":21},"end":{"line":49,"column":5}},"1":{"start":{"line":6,"column":12},"end":{"line":10,"column":15}},"2":{"start":{"line":7,"column":16},"end":{"line":7,"column":99}},"3":{"start":{"line":7,"column":25},"end":{"line":7,"column":99}},"4":{"start":{"line":8,"column":16},"end":{"line":8,"column":35}},"5":{"start":{"line":9,"column":16},"end":{"line":9,"column":23}},"6":{"start":{"line":13,"column":23},"end":{"line":13,"column":31}},"7":{"start":{"line":14,"column":12},"end":{"line":14,"column":38}},"8":{"start":{"line":15,"column":12},"end":{"line":18,"column":15}},"9":{"start":{"line":16,"column":16},"end":{"line":16,"column":92}},"10":{"start":{"line":16,"column":25},"end":{"line":16,"column":92}},"11":{"start":{"line":17,"column":16},"end":{"line":17,"column":67}},"12":{"start":{"line":21,"column":21},"end":{"line":21,"column":30}},"13":{"start":{"line":22,"column":12},"end":{"line":25,"column":15}},"14":{"start":{"line":23,"column":16},"end":{"line":23,"column":92}},"15":{"start":{"line":23,"column":25},"end":{"line":23,"column":92}},"16":{"start":{"line":24,"column":16},"end":{"line":24,"column":56}},"17":{"start":{"line":28,"column":12},"end":{"line":31,"column":15}},"18":{"start":{"line":29,"column":16},"end":{"line":29,"column":92}},"19":{"start":{"line":29,"column":25},"end":{"line":29,"column":92}},"20":{"start":{"line":30,"column":16},"end":{"line":30,"column":68}},"21":{"start":{"line":34,"column":21},"end":{"line":34,"column":30}},"22":{"start":{"line":35,"column":12},"end":{"line":38,"column":15}},"23":{"start":{"line":36,"column":16},"end":{"line":36,"column":92}},"24":{"start":{"line":36,"column":25},"end":{"line":36,"column":92}},"25":{"start":{"line":37,"column":16},"end":{"line":37,"column":71}},"26":{"start":{"line":41,"column":21},"end":{"line":41,"column":30}},"27":{"start":{"line":42,"column":23},"end":{"line":42,"column":31}},"28":{"start":{"line":43,"column":12},"end":{"line":47,"column":15}},"29":{"start":{"line":44,"column":16},"end":{"line":44,"column":92}},"30":{"start":{"line":44,"column":25},"end":{"line":44,"column":92}},"31":{"start":{"line":45,"column":30},"end":{"line":45,"column":59}},"32":{"start":{"line":46,"column":16},"end":{"line":46,"column":71}},"33":{"start":{"line":51,"column":4},"end":{"line":53,"column":5}},"34":{"start":{"line":52,"column":8},"end":{"line":52,"column":23}},"35":{"start":{"line":55,"column":4},"end":{"line":55,"column":53}}},"fnMap":{"0":{"name":"(anonymous_0)","decl":{"start":{"line":3,"column":15},"end":{"line":3,"column":16}},"loc":{"start":{"line":3,"column":43},"end":{"line":56,"column":1}},"line":3},"1":{"name":"findByParam","decl":{"start":{"line":5,"column":30},"end":{"line":5,"column":41}},"loc":{"start":{"line":5,"column":62},"end":{"line":11,"column":9}},"line":5},"2":{"name":"(anonymous_2)","decl":{"start":{"line":6,"column":31},"end":{"line":6,"column":32}},"loc":{"start":{"line":6,"column":51},"end":{"line":10,"column":13}},"line":6},"3":{"name":"createOne","decl":{"start":{"line":12,"column":28},"end":{"line":12,"column":37}},"loc":{"start":{"line":12,"column":48},"end":{"line":19,"column":9}},"line":12},"4":{"name":"(anonymous_4)","decl":{"start":{"line":15,"column":31},"end":{"line":15,"column":32}},"loc":{"start":{"line":15,"column":51},"end":{"line":18,"column":13}},"line":15},"5":{"name":"deleteOne","decl":{"start":{"line":20,"column":28},"end":{"line":20,"column":37}},"loc":{"start":{"line":20,"column":48},"end":{"line":26,"column":9}},"line":20},"6":{"name":"(anonymous_6)","decl":{"start":{"line":22,"column":41},"end":{"line":22,"column":42}},"loc":{"start":{"line":22,"column":61},"end":{"line":25,"column":13}},"line":22},"7":{"name":"getAll","decl":{"start":{"line":27,"column":25},"end":{"line":27,"column":31}},"loc":{"start":{"line":27,"column":42},"end":{"line":32,"column":9}},"line":27},"8":{"name":"(anonymous_8)","decl":{"start":{"line":28,"column":27},"end":{"line":28,"column":28}},"loc":{"start":{"line":28,"column":48},"end":{"line":31,"column":13}},"line":28},"9":{"name":"getOne","decl":{"start":{"line":33,"column":25},"end":{"line":33,"column":31}},"loc":{"start":{"line":33,"column":42},"end":{"line":39,"column":9}},"line":33},"10":{"name":"(anonymous_10)","decl":{"start":{"line":35,"column":36},"end":{"line":35,"column":37}},"loc":{"start":{"line":35,"column":57},"end":{"line":38,"column":13}},"line":35},"11":{"name":"updateOne","decl":{"start":{"line":40,"column":28},"end":{"line":40,"column":37}},"loc":{"start":{"line":40,"column":48},"end":{"line":48,"column":9}},"line":40},"12":{"name":"(anonymous_12)","decl":{"start":{"line":43,"column":54},"end":{"line":43,"column":55}},"loc":{"start":{"line":43,"column":74},"end":{"line":47,"column":13}},"line":43}},"branchMap":{"0":{"loc":{"start":{"line":7,"column":16},"end":{"line":7,"column":99}},"type":"if","locations":[{"start":{"line":7,"column":16},"end":{"line":7,"column":99}},{"start":{"line":7,"column":16},"end":{"line":7,"column":99}}],"line":7},"1":{"loc":{"start":{"line":16,"column":16},"end":{"line":16,"column":92}},"type":"if","locations":[{"start":{"line":16,"column":16},"end":{"line":16,"column":92}},{"start":{"line":16,"column":16},"end":{"line":16,"column":92}}],"line":16},"2":{"loc":{"start":{"line":23,"column":16},"end":{"line":23,"column":92}},"type":"if","locations":[{"start":{"line":23,"column":16},"end":{"line":23,"column":92}},{"start":{"line":23,"column":16},"end":{"line":23,"column":92}}],"line":23},"3":{"loc":{"start":{"line":29,"column":16},"end":{"line":29,"column":92}},"type":"if","locations":[{"start":{"line":29,"column":16},"end":{"line":29,"column":92}},{"start":{"line":29,"column":16},"end":{"line":29,"column":92}}],"line":29},"4":{"loc":{"start":{"line":36,"column":16},"end":{"line":36,"column":92}},"type":"if","locations":[{"start":{"line":36,"column":16},"end":{"line":36,"column":92}},{"start":{"line":36,"column":16},"end":{"line":36,"column":92}}],"line":36},"5":{"loc":{"start":{"line":44,"column":16},"end":{"line":44,"column":92}},"type":"if","locations":[{"start":{"line":44,"column":16},"end":{"line":44,"column":92}},{"start":{"line":44,"column":16},"end":{"line":44,"column":92}}],"line":44},"6":{"loc":{"start":{"line":51,"column":4},"end":{"line":53,"column":5}},"type":"if","locations":[{"start":{"line":51,"column":4},"end":{"line":53,"column":5}},{"start":{"line":51,"column":4},"end":{"line":53,"column":5}}],"line":51}},"s":{"0":3,"1":3,"2":3,"3":0,"4":3,"5":3,"6":0,"7":0,"8":0,"9":0,"10":0,"11":0,"12":2,"13":2,"14":2,"15":0,"16":2,"17":0,"18":0,"19":0,"20":0,"21":1,"22":1,"23":1,"24":0,"25":1,"26":0,"27":0,"28":0,"29":0,"30":0,"31":0,"32":0,"33":3,"34":0,"35":3},"f":{"0":3,"1":3,"2":3,"3":0,"4":0,"5":2,"6":2,"7":0,"8":0,"9":1,"10":1,"11":0,"12":0},"b":{"0":[0,3],"1":[0,0],"2":[0,2],"3":[0,0],"4":[0,1],"5":[0,0],"6":[0,3]},"inputSourceMap":{"version":3,"sources":["src/api/modules/generateController.js"],"names":["model","overrides","controller","findByParam","req","res","next","id","findById","err","doc","status","send","success","error","message","docId","createOne","body","userId","user","create","data","deleteOne","_id","getAll","find","docs","getOne","updateOne","findOneAndUpdate","updated"],"mappings":";;AAAA,eAAe,UAAUA,KAAV,EAAiBC,SAAjB,EAA4B;AACvC,QAAIC,aAAa;AACbC,qBAAa,qBAAUC,GAAV,EAAeC,GAAf,EAAoBC,IAApB,EAA0BC,EAA1B,EAA8B;AACvCP,kBAAMQ,QAAN,CAAeD,EAAf,EAAmB,UAAUE,GAAV,EAAeC,GAAf,EAAoB;AACnC,oBAAID,GAAJ,EAASJ,IAAIM,MAAJ,CAAW,GAAX,EAAgBC,IAAhB,CAAqB,EAAEC,SAAS,KAAX,EAAkBC,OAAO,EAAEC,SAAS,WAAX,EAAzB,EAArB;AACTX,oBAAIY,KAAJ,GAAYN,IAAIH,EAAhB;AACAD;AACH,aAJD;AAKH,SAPY;AAQbW,mBAAW,mBAAUb,GAAV,EAAeC,GAAf,EAAoB;AAC3B,gBAAIa,OAAOd,IAAIc,IAAf;AACAA,iBAAKC,MAAL,GAAcf,IAAIgB,IAAJ,CAASb,EAAvB;AACAP,kBAAMqB,MAAN,CAAaH,IAAb,EAAmB,UAAUT,GAAV,EAAeC,GAAf,EAAoB;AACnC,oBAAID,GAAJ,EAASJ,IAAIM,MAAJ,CAAW,GAAX,EAAgBC,IAAhB,CAAqB,EAAEC,SAAS,KAAX,EAAkBC,oBAAYL,GAAZ,CAAlB,EAArB;AACTJ,oBAAIM,MAAJ,CAAW,GAAX,EAAgBC,IAAhB,CAAqB,EAAEC,SAAS,IAAX,EAAiBS,MAAMZ,GAAvB,EAArB;AACH,aAHD;AAIH,SAfY;AAgBba,mBAAW,mBAAUnB,GAAV,EAAeC,GAAf,EAAoB;AAC3B,gBAAIE,KAAKH,IAAIY,KAAb;AACAhB,kBAAMuB,SAAN,CAAgB,EAAEC,KAAKjB,EAAP,EAAhB,EAA6B,UAAUE,GAAV,EAAeC,GAAf,EAAoB;AAC7C,oBAAID,GAAJ,EAASJ,IAAIM,MAAJ,CAAW,GAAX,EAAgBC,IAAhB,CAAqB,EAAEC,SAAS,KAAX,EAAkBC,oBAAYL,GAAZ,CAAlB,EAArB,EAA4D;AACrEJ,oBAAIM,MAAJ,CAAW,GAAX,EAAgBC,IAAhB,CAAqB,EAAEC,SAAS,IAAX,EAArB;AACH,aAHD;AAIH,SAtBY;AAuBbY,gBAAQ,gBAAUrB,GAAV,EAAeC,GAAf,EAAoB;AACxBL,kBAAM0B,IAAN,CAAW,EAAX,EAAe,UAAUjB,GAAV,EAAekB,IAAf,EAAqB;AAChC,oBAAIlB,GAAJ,EAASJ,IAAIM,MAAJ,CAAW,GAAX,EAAgBC,IAAhB,CAAqB,EAAEC,SAAS,KAAX,EAAkBC,oBAAYL,GAAZ,CAAlB,EAArB,EAA4D;AACrEJ,oBAAIM,MAAJ,CAAW,GAAX,EAAgBC,IAAhB,CAAqB,EAAEC,SAAS,IAAX,EAAiBS,MAAMK,IAAvB,EAArB;AACH,aAHD;AAIH,SA5BY;AA6BbC,gBAAQ,gBAAUxB,GAAV,EAAeC,GAAf,EAAoB;AACxB,gBAAIE,KAAKH,IAAIY,KAAb;AACAhB,kBAAM0B,IAAN,CAAW,EAAEF,KAAKjB,EAAP,EAAX,EAAwB,UAAUE,GAAV,EAAekB,IAAf,EAAqB;AACzC,oBAAIlB,GAAJ,EAASJ,IAAIM,MAAJ,CAAW,GAAX,EAAgBC,IAAhB,CAAqB,EAAEC,SAAS,KAAX,EAAkBC,oBAAYL,GAAZ,CAAlB,EAArB,EAA4D;AACrEJ,oBAAIM,MAAJ,CAAW,GAAX,EAAgBC,IAAhB,CAAqB,EAAEC,SAAS,IAAX,EAAiBS,MAAMK,KAAK,CAAL,CAAvB,EAArB;AACH,aAHD;AAIH,SAnCY;AAoCbE,mBAAW,mBAAUzB,GAAV,EAAeC,GAAf,EAAoB;AAC3B,gBAAIE,KAAKH,IAAIY,KAAb;AACA,gBAAIE,OAAOd,IAAIc,IAAf;AACAlB,kBAAM8B,gBAAN,CAAuB,EAAEN,KAAKjB,EAAP,EAAvB,EAAoCW,IAApC,EAA0C,UAAUT,GAAV,EAAeC,GAAf,EAAoB;AAC1D,oBAAID,GAAJ,EAASJ,IAAIM,MAAJ,CAAW,GAAX,EAAgBC,IAAhB,CAAqB,EAAEC,SAAS,KAAX,EAAkBC,oBAAYL,GAAZ,CAAlB,EAArB,EAA4D;AACrE,oBAAIsB,UAAU,eAAc,EAAd,EAAkBb,IAAlB,EAAwBR,GAAxB,CAAd;AACAL,oBAAIM,MAAJ,CAAW,GAAX,EAAgBC,IAAhB,CAAqB,EAAEC,SAAS,IAAX,EAAiBS,MAAMS,OAAvB,EAArB;AACH,aAJD;AAKH;AA5CY,KAAjB;;AA+CA,QAAI,CAAC9B,SAAL,EAAgB;AACZA,oBAAY,EAAZ;AACH;;AAED,WAAO,eAAc,EAAd,EAAkBC,UAAlB,EAA8BD,SAA9B,CAAP;AACH","file":"generateController.js","sourceRoot":"/Users/Sleekvick/Projects/pipepay/server","sourcesContent":["export default function (model, overrides) {\n    var controller = {\n        findByParam: function (req, res, next, id) {\n            model.findById(id, function (err, doc) {\n                if (err) res.status(404).send({ success: false, error: { message: \"Not found\" } });\n                req.docId = doc.id;\n                next();\n            });\n        },\n        createOne: function (req, res) {\n            var body = req.body;\n            body.userId = req.user.id;\n            model.create(body, function (err, doc) {\n                if (err) res.status(401).send({ success: false, error: { ...err } });\n                res.status(200).send({ success: true, data: doc });\n            });\n        },\n        deleteOne: function (req, res) {\n            var id = req.docId;\n            model.deleteOne({ _id: id }, function (err, doc) {\n                if (err) res.status(401).send({ success: false, error: { ...err } });;\n                res.status(200).send({ success: true });\n            });\n        },\n        getAll: function (req, res) {\n            model.find({}, function (err, docs) {\n                if (err) res.status(401).send({ success: false, error: { ...err } });;\n                res.status(200).send({ success: true, data: docs });\n            });\n        },\n        getOne: function (req, res) {\n            var id = req.docId;\n            model.find({ _id: id }, function (err, docs) {\n                if (err) res.status(401).send({ success: false, error: { ...err } });;\n                res.status(200).send({ success: true, data: docs[0] });\n            });\n        },\n        updateOne: function (req, res) {\n            var id = req.docId;\n            var body = req.body;\n            model.findOneAndUpdate({ _id: id }, body, function (err, doc) {\n                if (err) res.status(401).send({ success: false, error: { ...err } });;\n                var updated = Object.assign({}, body, doc);\n                res.status(200).send({ success: true, data: updated });\n            });\n        }\n    };\n\n    if (!overrides) {\n        overrides = {}\n    }\n\n    return Object.assign({}, controller, overrides);\n};"]},"_coverageSchema":"332fd63041d2c1bcb487cc26dd0d5f7d97098a6c","hash":"c7631bddd9b0416ea7b10a2286b419bc28f8c545"},"/Users/Sleekvick/Projects/pipepay/server/src/api/modules/mailer.js":{"path":"/Users/Sleekvick/Projects/pipepay/server/src/api/modules/mailer.js","statementMap":{"0":{"start":{"line":6,"column":12},"end":{"line":6,"column":16}},"1":{"start":{"line":10,"column":17},"end":{"line":10,"column":39}},"2":{"start":{"line":11,"column":20},"end":{"line":11,"column":45}},"3":{"start":{"line":13,"column":18},"end":{"line":21,"column":2}},"4":{"start":{"line":23,"column":11},"end":{"line":23,"column":43}},"5":{"start":{"line":25,"column":29},"end":{"line":44,"column":1}},"6":{"start":{"line":26,"column":24},"end":{"line":26,"column":42}},"7":{"start":{"line":27,"column":21},"end":{"line":27,"column":36}},"8":{"start":{"line":28,"column":4},"end":{"line":43,"column":7}},"9":{"start":{"line":29,"column":26},"end":{"line":34,"column":9}},"10":{"start":{"line":36,"column":8},"end":{"line":42,"column":11}},"11":{"start":{"line":37,"column":12},"end":{"line":39,"column":13}},"12":{"start":{"line":38,"column":16},"end":{"line":38,"column":48}},"13":{"start":{"line":41,"column":12},"end":{"line":41,"column":26}},"14":{"start":{"line":46,"column":13},"end":{"line":56,"column":1}},"15":{"start":{"line":47,"column":4},"end":{"line":55,"column":7}},"16":{"start":{"line":48,"column":8},"end":{"line":54,"column":11}},"17":{"start":{"line":49,"column":12},"end":{"line":51,"column":13}},"18":{"start":{"line":50,"column":16},"end":{"line":50,"column":48}},"19":{"start":{"line":53,"column":12},"end":{"line":53,"column":26}},"20":{"start":{"line":58,"column":29},"end":{"line":98,"column":1}},"21":{"start":{"line":59,"column":4},"end":{"line":97,"column":9}},"22":{"start":{"line":60,"column":20},"end":{"line":92,"column":11}},"23":{"start":{"line":62,"column":12},"end":{"line":91,"column":41}},"24":{"start":{"line":63,"column":16},"end":{"line":90,"column":17}},"25":{"start":{"line":64,"column":20},"end":{"line":89,"column":21}},"26":{"start":{"line":66,"column":28},"end":{"line":70,"column":30}},"27":{"start":{"line":71,"column":28},"end":{"line":71,"column":46}},"28":{"start":{"line":72,"column":28},"end":{"line":72,"column":46}},"29":{"start":{"line":73,"column":28},"end":{"line":73,"column":164}},"30":{"start":{"line":76,"column":28},"end":{"line":76,"column":38}},"31":{"start":{"line":77,"column":28},"end":{"line":77,"column":47}},"32":{"start":{"line":78,"column":28},"end":{"line":78,"column":34}},"33":{"start":{"line":81,"column":28},"end":{"line":81,"column":46}},"34":{"start":{"line":82,"column":28},"end":{"line":82,"column":63}},"35":{"start":{"line":84,"column":28},"end":{"line":84,"column":48}},"36":{"start":{"line":88,"column":28},"end":{"line":88,"column":51}},"37":{"start":{"line":94,"column":8},"end":{"line":96,"column":10}},"38":{"start":{"line":95,"column":12},"end":{"line":95,"column":48}},"39":{"start":{"line":100,"column":30},"end":{"line":102,"column":1}},"40":{"start":{"line":101,"column":4},"end":{"line":101,"column":54}},"41":{"start":{"line":104,"column":29},"end":{"line":158,"column":1}},"42":{"start":{"line":105,"column":23},"end":{"line":105,"column":113}},"43":{"start":{"line":106,"column":4},"end":{"line":157,"column":9}},"44":{"start":{"line":107,"column":20},"end":{"line":152,"column":11}},"45":{"start":{"line":109,"column":12},"end":{"line":151,"column":43}},"46":{"start":{"line":110,"column":16},"end":{"line":150,"column":17}},"47":{"start":{"line":111,"column":20},"end":{"line":149,"column":21}},"48":{"start":{"line":113,"column":28},"end":{"line":116,"column":30}},"49":{"start":{"line":117,"column":28},"end":{"line":117,"column":47}},"50":{"start":{"line":119,"column":28},"end":{"line":122,"column":29}},"51":{"start":{"line":120,"column":32},"end":{"line":120,"column":51}},"52":{"start":{"line":121,"column":32},"end":{"line":121,"column":38}},"53":{"start":{"line":124,"column":28},"end":{"line":124,"column":47}},"54":{"start":{"line":125,"column":28},"end":{"line":125,"column":504}},"55":{"start":{"line":128,"column":28},"end":{"line":128,"column":47}},"56":{"start":{"line":129,"column":28},"end":{"line":129,"column":34}},"57":{"start":{"line":132,"column":28},"end":{"line":132,"column":47}},"58":{"start":{"line":133,"column":28},"end":{"line":133,"column":504}},"59":{"start":{"line":136,"column":28},"end":{"line":136,"column":38}},"60":{"start":{"line":137,"column":28},"end":{"line":137,"column":48}},"61":{"start":{"line":138,"column":28},"end":{"line":138,"column":34}},"62":{"start":{"line":141,"column":28},"end":{"line":141,"column":48}},"63":{"start":{"line":142,"column":28},"end":{"line":142,"column":65}},"64":{"start":{"line":144,"column":28},"end":{"line":144,"column":49}},"65":{"start":{"line":148,"column":28},"end":{"line":148,"column":52}},"66":{"start":{"line":154,"column":8},"end":{"line":156,"column":10}},"67":{"start":{"line":155,"column":12},"end":{"line":155,"column":48}},"68":{"start":{"line":160,"column":43},"end":{"line":200,"column":1}},"69":{"start":{"line":161,"column":4},"end":{"line":199,"column":9}},"70":{"start":{"line":162,"column":20},"end":{"line":194,"column":11}},"71":{"start":{"line":164,"column":12},"end":{"line":193,"column":42}},"72":{"start":{"line":165,"column":16},"end":{"line":192,"column":17}},"73":{"start":{"line":166,"column":20},"end":{"line":191,"column":21}},"74":{"start":{"line":168,"column":28},"end":{"line":172,"column":30}},"75":{"start":{"line":173,"column":28},"end":{"line":173,"column":47}},"76":{"start":{"line":174,"column":28},"end":{"line":174,"column":47}},"77":{"start":{"line":175,"column":28},"end":{"line":175,"column":91}},"78":{"start":{"line":178,"column":28},"end":{"line":178,"column":38}},"79":{"start":{"line":179,"column":28},"end":{"line":179,"column":48}},"80":{"start":{"line":180,"column":28},"end":{"line":180,"column":34}},"81":{"start":{"line":183,"column":28},"end":{"line":183,"column":47}},"82":{"start":{"line":184,"column":28},"end":{"line":184,"column":65}},"83":{"start":{"line":186,"column":28},"end":{"line":186,"column":49}},"84":{"start":{"line":190,"column":28},"end":{"line":190,"column":52}},"85":{"start":{"line":196,"column":8},"end":{"line":198,"column":10}},"86":{"start":{"line":197,"column":12},"end":{"line":197,"column":48}},"87":{"start":{"line":202,"column":32},"end":{"line":245,"column":1}},"88":{"start":{"line":203,"column":17},"end":{"line":203,"column":29}},"89":{"start":{"line":204,"column":15},"end":{"line":204,"column":25}},"90":{"start":{"line":205,"column":4},"end":{"line":244,"column":9}},"91":{"start":{"line":206,"column":20},"end":{"line":239,"column":11}},"92":{"start":{"line":208,"column":12},"end":{"line":238,"column":42}},"93":{"start":{"line":209,"column":16},"end":{"line":237,"column":17}},"94":{"start":{"line":210,"column":20},"end":{"line":236,"column":21}},"95":{"start":{"line":212,"column":28},"end":{"line":216,"column":30}},"96":{"start":{"line":217,"column":28},"end":{"line":217,"column":47}},"97":{"start":{"line":218,"column":28},"end":{"line":218,"column":47}},"98":{"start":{"line":219,"column":28},"end":{"line":219,"column":91}},"99":{"start":{"line":222,"column":28},"end":{"line":222,"column":38}},"100":{"start":{"line":223,"column":28},"end":{"line":223,"column":48}},"101":{"start":{"line":224,"column":28},"end":{"line":224,"column":34}},"102":{"start":{"line":227,"column":28},"end":{"line":227,"column":47}},"103":{"start":{"line":228,"column":28},"end":{"line":228,"column":65}},"104":{"start":{"line":230,"column":28},"end":{"line":230,"column":61}},"105":{"start":{"line":231,"column":28},"end":{"line":231,"column":49}},"106":{"start":{"line":235,"column":28},"end":{"line":235,"column":52}},"107":{"start":{"line":241,"column":8},"end":{"line":243,"column":10}},"108":{"start":{"line":242,"column":12},"end":{"line":242,"column":48}}},"fnMap":{"0":{"name":"sendInvoiceMail","decl":{"start":{"line":25,"column":38},"end":{"line":25,"column":53}},"loc":{"start":{"line":25,"column":60},"end":{"line":44,"column":1}},"line":25},"1":{"name":"(anonymous_1)","decl":{"start":{"line":28,"column":24},"end":{"line":28,"column":25}},"loc":{"start":{"line":28,"column":51},"end":{"line":43,"column":5}},"line":28},"2":{"name":"(anonymous_2)","decl":{"start":{"line":36,"column":42},"end":{"line":36,"column":43}},"loc":{"start":{"line":36,"column":65},"end":{"line":42,"column":9}},"line":36},"3":{"name":"sendTo","decl":{"start":{"line":46,"column":22},"end":{"line":46,"column":28}},"loc":{"start":{"line":46,"column":41},"end":{"line":56,"column":1}},"line":46},"4":{"name":"(anonymous_4)","decl":{"start":{"line":47,"column":24},"end":{"line":47,"column":25}},"loc":{"start":{"line":47,"column":51},"end":{"line":55,"column":5}},"line":47},"5":{"name":"(anonymous_5)","decl":{"start":{"line":48,"column":41},"end":{"line":48,"column":42}},"loc":{"start":{"line":48,"column":64},"end":{"line":54,"column":9}},"line":48},"6":{"name":"sendReceiptMail","decl":{"start":{"line":58,"column":38},"end":{"line":58,"column":53}},"loc":{"start":{"line":58,"column":106},"end":{"line":98,"column":1}},"line":58},"7":{"name":"(anonymous_7)","decl":{"start":{"line":59,"column":24},"end":{"line":59,"column":25}},"loc":{"start":{"line":59,"column":36},"end":{"line":97,"column":5}},"line":59},"8":{"name":"_callee","decl":{"start":{"line":60,"column":86},"end":{"line":60,"column":93}},"loc":{"start":{"line":60,"column":111},"end":{"line":92,"column":9}},"line":60},"9":{"name":"_callee$","decl":{"start":{"line":62,"column":53},"end":{"line":62,"column":61}},"loc":{"start":{"line":62,"column":72},"end":{"line":91,"column":13}},"line":62},"10":{"name":"(anonymous_10)","decl":{"start":{"line":94,"column":15},"end":{"line":94,"column":16}},"loc":{"start":{"line":94,"column":34},"end":{"line":96,"column":9}},"line":94},"11":{"name":"sendTransferMail","decl":{"start":{"line":100,"column":39},"end":{"line":100,"column":55}},"loc":{"start":{"line":100,"column":86},"end":{"line":102,"column":1}},"line":100},"12":{"name":"(anonymous_12)","decl":{"start":{"line":101,"column":24},"end":{"line":101,"column":25}},"loc":{"start":{"line":101,"column":50},"end":{"line":101,"column":52}},"line":101},"13":{"name":"sendDisputeMail","decl":{"start":{"line":104,"column":38},"end":{"line":104,"column":53}},"loc":{"start":{"line":104,"column":119},"end":{"line":158,"column":1}},"line":104},"14":{"name":"(anonymous_14)","decl":{"start":{"line":106,"column":24},"end":{"line":106,"column":25}},"loc":{"start":{"line":106,"column":36},"end":{"line":157,"column":5}},"line":106},"15":{"name":"_callee2","decl":{"start":{"line":107,"column":86},"end":{"line":107,"column":94}},"loc":{"start":{"line":107,"column":112},"end":{"line":152,"column":9}},"line":107},"16":{"name":"_callee2$","decl":{"start":{"line":109,"column":53},"end":{"line":109,"column":62}},"loc":{"start":{"line":109,"column":74},"end":{"line":151,"column":13}},"line":109},"17":{"name":"(anonymous_17)","decl":{"start":{"line":154,"column":15},"end":{"line":154,"column":16}},"loc":{"start":{"line":154,"column":35},"end":{"line":156,"column":9}},"line":154},"18":{"name":"sendCustormerVerificationCode","decl":{"start":{"line":160,"column":52},"end":{"line":160,"column":81}},"loc":{"start":{"line":160,"column":103},"end":{"line":200,"column":1}},"line":160},"19":{"name":"(anonymous_19)","decl":{"start":{"line":161,"column":24},"end":{"line":161,"column":25}},"loc":{"start":{"line":161,"column":36},"end":{"line":199,"column":5}},"line":161},"20":{"name":"_callee3","decl":{"start":{"line":162,"column":86},"end":{"line":162,"column":94}},"loc":{"start":{"line":162,"column":112},"end":{"line":194,"column":9}},"line":162},"21":{"name":"_callee3$","decl":{"start":{"line":164,"column":53},"end":{"line":164,"column":62}},"loc":{"start":{"line":164,"column":74},"end":{"line":193,"column":13}},"line":164},"22":{"name":"(anonymous_22)","decl":{"start":{"line":196,"column":15},"end":{"line":196,"column":16}},"loc":{"start":{"line":196,"column":35},"end":{"line":198,"column":9}},"line":196},"23":{"name":"sendPaymentRequest","decl":{"start":{"line":202,"column":41},"end":{"line":202,"column":59}},"loc":{"start":{"line":202,"column":96},"end":{"line":245,"column":1}},"line":202},"24":{"name":"(anonymous_24)","decl":{"start":{"line":205,"column":24},"end":{"line":205,"column":25}},"loc":{"start":{"line":205,"column":36},"end":{"line":244,"column":5}},"line":205},"25":{"name":"_callee4","decl":{"start":{"line":206,"column":86},"end":{"line":206,"column":94}},"loc":{"start":{"line":206,"column":112},"end":{"line":239,"column":9}},"line":206},"26":{"name":"_callee4$","decl":{"start":{"line":208,"column":53},"end":{"line":208,"column":62}},"loc":{"start":{"line":208,"column":74},"end":{"line":238,"column":13}},"line":208},"27":{"name":"(anonymous_27)","decl":{"start":{"line":241,"column":15},"end":{"line":241,"column":16}},"loc":{"start":{"line":241,"column":35},"end":{"line":243,"column":9}},"line":241}},"branchMap":{"0":{"loc":{"start":{"line":37,"column":12},"end":{"line":39,"column":13}},"type":"if","locations":[{"start":{"line":37,"column":12},"end":{"line":39,"column":13}},{"start":{"line":37,"column":12},"end":{"line":39,"column":13}}],"line":37},"1":{"loc":{"start":{"line":49,"column":12},"end":{"line":51,"column":13}},"type":"if","locations":[{"start":{"line":49,"column":12},"end":{"line":51,"column":13}},{"start":{"line":49,"column":12},"end":{"line":51,"column":13}}],"line":49},"2":{"loc":{"start":{"line":64,"column":20},"end":{"line":89,"column":21}},"type":"switch","locations":[{"start":{"line":65,"column":24},"end":{"line":73,"column":164}},{"start":{"line":75,"column":24},"end":{"line":78,"column":34}},{"start":{"line":80,"column":24},"end":{"line":84,"column":48}},{"start":{"line":86,"column":24},"end":{"line":86,"column":32}},{"start":{"line":87,"column":24},"end":{"line":88,"column":51}}],"line":64},"3":{"loc":{"start":{"line":105,"column":23},"end":{"line":105,"column":113}},"type":"cond-expr","locations":[{"start":{"line":105,"column":76},"end":{"line":105,"column":88}},{"start":{"line":105,"column":91},"end":{"line":105,"column":113}}],"line":105},"4":{"loc":{"start":{"line":105,"column":23},"end":{"line":105,"column":73}},"type":"binary-expr","locations":[{"start":{"line":105,"column":23},"end":{"line":105,"column":43}},{"start":{"line":105,"column":47},"end":{"line":105,"column":73}}],"line":105},"5":{"loc":{"start":{"line":111,"column":20},"end":{"line":149,"column":21}},"type":"switch","locations":[{"start":{"line":112,"column":24},"end":{"line":125,"column":504}},{"start":{"line":127,"column":24},"end":{"line":129,"column":34}},{"start":{"line":131,"column":24},"end":{"line":133,"column":504}},{"start":{"line":135,"column":24},"end":{"line":138,"column":34}},{"start":{"line":140,"column":24},"end":{"line":144,"column":49}},{"start":{"line":146,"column":24},"end":{"line":146,"column":32}},{"start":{"line":147,"column":24},"end":{"line":148,"column":52}}],"line":111},"6":{"loc":{"start":{"line":119,"column":28},"end":{"line":122,"column":29}},"type":"if","locations":[{"start":{"line":119,"column":28},"end":{"line":122,"column":29}},{"start":{"line":119,"column":28},"end":{"line":122,"column":29}}],"line":119},"7":{"loc":{"start":{"line":166,"column":20},"end":{"line":191,"column":21}},"type":"switch","locations":[{"start":{"line":167,"column":24},"end":{"line":175,"column":91}},{"start":{"line":177,"column":24},"end":{"line":180,"column":34}},{"start":{"line":182,"column":24},"end":{"line":186,"column":49}},{"start":{"line":188,"column":24},"end":{"line":188,"column":32}},{"start":{"line":189,"column":24},"end":{"line":190,"column":52}}],"line":166},"8":{"loc":{"start":{"line":210,"column":20},"end":{"line":236,"column":21}},"type":"switch","locations":[{"start":{"line":211,"column":24},"end":{"line":219,"column":91}},{"start":{"line":221,"column":24},"end":{"line":224,"column":34}},{"start":{"line":226,"column":24},"end":{"line":231,"column":49}},{"start":{"line":233,"column":24},"end":{"line":233,"column":32}},{"start":{"line":234,"column":24},"end":{"line":235,"column":52}}],"line":210}},"s":{"0":1,"1":1,"2":1,"3":1,"4":1,"5":1,"6":0,"7":0,"8":0,"9":0,"10":0,"11":0,"12":0,"13":0,"14":1,"15":7,"16":7,"17":7,"18":0,"19":7,"20":1,"21":1,"22":1,"23":1,"24":2,"25":3,"26":1,"27":1,"28":1,"29":1,"30":1,"31":1,"32":1,"33":0,"34":0,"35":0,"36":1,"37":1,"38":1,"39":1,"40":0,"41":1,"42":1,"43":1,"44":1,"45":1,"46":2,"47":4,"48":1,"49":1,"50":1,"51":1,"52":1,"53":0,"54":0,"55":0,"56":0,"57":1,"58":1,"59":1,"60":1,"61":1,"62":0,"63":0,"64":0,"65":1,"66":1,"67":1,"68":1,"69":1,"70":1,"71":1,"72":2,"73":3,"74":1,"75":1,"76":1,"77":1,"78":1,"79":1,"80":1,"81":0,"82":0,"83":0,"84":1,"85":1,"86":1,"87":1,"88":1,"89":1,"90":1,"91":1,"92":1,"93":2,"94":3,"95":1,"96":1,"97":1,"98":1,"99":1,"100":1,"101":1,"102":0,"103":0,"104":0,"105":0,"106":1,"107":1,"108":1},"f":{"0":0,"1":0,"2":0,"3":7,"4":7,"5":7,"6":1,"7":1,"8":1,"9":2,"10":1,"11":0,"12":0,"13":1,"14":1,"15":1,"16":2,"17":1,"18":1,"19":1,"20":1,"21":2,"22":1,"23":1,"24":1,"25":1,"26":2,"27":1},"b":{"0":[0,0],"1":[0,7],"2":[1,1,0,1,1],"3":[0,1],"4":[1,0],"5":[1,0,1,1,0,1,1],"6":[1,0],"7":[1,1,0,1,1],"8":[1,1,0,1,1]},"inputSourceMap":{"version":3,"sources":["src/api/modules/mailer.js"],"names":["nodemailer","ZOHO_EMAIL","process","env","ZOHO_PASSWORD","transporter","createTransport","host","port","secure","auth","user","pass","from","sendInvoiceMail","customerEmail","totalPrice","resolve","reject","mailOptions","to","subject","text","sendMail","error","info","Error","sendTo","mailOption","sendReceiptMail","customerName","marchantEmail","amount","all","sendTransferMail","esolve","sendDisputeMail","reason","disputeFrom","supportEmail","sendCustormerVerificationCode","code","sendPaymentRequest","marchantName","name","console","log"],"mappings":";;;;;;;AAAA,OAAOA,UAAP,MAAuB,YAAvB;;AAEA,IAAMC,aAAaC,QAAQC,GAAR,CAAYF,UAA/B;AACA,IAAMG,gBAAgBF,QAAQC,GAAR,CAAYC,aAAlC;;AAEA,IAAMC,cAAcL,WAAWM,eAAX,CAA2B;AAC3CC,UAAM,eADqC;AAE3CC,UAAM,GAFqC;AAG3CC,YAAQ,IAHmC;AAI3CC,UAAM;AACFC,cAAMV,UADJ;AAEFW,cAAMR;AAFJ;AAJqC,CAA3B,CAApB;;AAUA,IAAMS,OAAO,gCAAb;;AAEA,OAAO,IAAMC,kBAAkB,SAAlBA,eAAkB;AAAA,QAAGC,aAAH,QAAGA,aAAH;AAAA,QAAkBC,UAAlB,QAAkBA,UAAlB;AAAA,WAAmC,aAAY,UAACC,OAAD,EAAUC,MAAV,EAAqB;AAC/F,YAAIC,cAAc;AACdN,sBADc;AAEdO,gBAAIL,aAFU;AAGdM,qBAAS,uBAHK;AAIdC,6CAA+BN;AAJjB,SAAlB;;AAOAX,oBAAYkB,QAAZ,CAAqBJ,WAArB,EAAkC,UAACK,KAAD,EAAQC,IAAR,EAAiB;AAC/C,gBAAID,KAAJ,EAAW;AACP,uBAAON,OAAO,IAAIQ,KAAJ,CAAUF,KAAV,CAAP,CAAP;AACH;;AAEDP,oBAAQQ,IAAR;AACH,SAND;AAOH,KAfiE,CAAnC;AAAA,CAAxB;;AAiBP,IAAME,SAAS,SAATA,MAAS,CAACC,UAAD;AAAA,WAAgB,aAAY,UAACX,OAAD,EAAUC,MAAV,EAAqB;AAC5Db,oBAAYkB,QAAZ,CAAqBK,UAArB,EAAiC,UAACJ,KAAD,EAAQC,IAAR,EAAiB;AAC9C,gBAAID,KAAJ,EAAW;AACP,uBAAON,OAAO,IAAIQ,KAAJ,CAAUF,KAAV,CAAP,CAAP;AACH;;AAEDP,oBAAQQ,IAAR;AACH,SAND;AAOH,KAR8B,CAAhB;AAAA,CAAf;;AAUA,OAAO,IAAMI,kBAAkB,SAAlBA,eAAkB,CAACC,YAAD,EAAef,aAAf,EAA8BgB,aAA9B,EAA6CC,MAA7C;AAAA,WAAwD;AAAA,6EAAY,iBAAOf,OAAP,EAAgBC,MAAhB;AAAA;AAAA;AAAA;AAAA;AAAA;AAC3FU,sCAD2F,GAC9E;AACbf,0CADa;AAEbQ,yCAAS,uBAFI;AAGbC,sCAASQ,YAAT,yBAAyCE;AAH5B,6BAD8E;AAAA;AAAA;AAAA,mCASrF,SAAQC,GAAR,CAAY,CACdN,oBAAYC,UAAZ,IAAwBR,IAAIL,aAA5B,IADc,EAEdY,oBAAYC,UAAZ,IAAwBR,IAAIW,aAA5B,IAFc,CAAZ,CATqF;;AAAA;AAa3Fd;AAb2F;AAAA;;AAAA;AAAA;AAAA;;AAe3FC;;AAf2F;AAAA;AAAA;AAAA;AAAA;AAAA;AAAA,SAAZ;;AAAA;AAAA;AAAA;AAAA,QAAxD;AAAA,CAAxB;;AAmBP,OAAO,IAAMgB,mBAAmB,SAAnBA,gBAAmB,CAACnB,aAAD,EAAgBgB,aAAhB;AAAA,WAAkC,aAAY,UAACI,MAAD,EAASjB,MAAT,EAAoB,CAEjG,CAFiE,CAAlC;AAAA,CAAzB;;AAIP,OAAO,IAAMkB,kBAAkB,SAAlBA,eAAkB,CAACL,aAAD,EAAgBhB,aAAhB,EAA+Be,YAA/B,EAA6CO,MAA7C,EAAqDC,WAArD;AAAA,QAAkEC,YAAlE,uEAAiF,sBAAjF;AAAA,WAA4G;AAAA,6EAAY,kBAAOtB,OAAP,EAAgBC,MAAhB;AAAA;AAAA;AAAA;AAAA;AAAA;AAC/IU,sCAD+I,GAClI;AACbf,0CADa;AAEbQ,yCAAS;AAFI,6BADkI;AAAA;;AAAA,kCAO3IiB,gBAAgB,UAP2H;AAAA;AAAA;AAAA;;AAAA;AAAA,mCAQrI,SAAQL,GAAR,CAAY,CACdN,oBAAYC,UAAZ,IAAwBR,IAAIL,aAA5B,EAA4CO,MAAM,0EAAlD,IADc,EAEdK,oBAAYC,UAAZ,IAAwBR,IAAIW,aAA5B,EAA2CT,4BAA0BQ,YAA1B,6BAA8DO,MAA9D,MAA3C,IAFc,EAGdV,oBAAYC,UAAZ,IAAwBR,IAAImB,YAA5B,EAA0CjB,4BAA0BP,aAA1B,6BAA+DsB,MAA/D,4BAA4FN,aAAtI,IAHc,CAAZ,CARqI;;AAAA;AAAA;AAAA;;AAAA;AAAA;AAAA,mCAcrI,SAAQE,GAAR,CAAY,CACdN,oBAAYC,UAAZ,IAAwBR,IAAIL,aAA5B,EAA4CO,MAAM,0EAAlD,IADc,EAEdK,oBAAYC,UAAZ,IAAwBR,IAAIW,aAA5B,EAA2CT,4BAA0BQ,YAA1B,6BAA8DO,MAA9D,MAA3C,IAFc,EAGdV,oBAAYC,UAAZ,IAAwBR,IAAImB,YAA5B,EAA0CjB,4BAA0BS,aAA1B,6BAA+DM,MAA/D,4BAA4FtB,aAAtI,IAHc,CAAZ,CAdqI;;AAAA;AAoB/IE;AApB+I;AAAA;;AAAA;AAAA;AAAA;;AAsB/IC;;AAtB+I;AAAA;AAAA;AAAA;AAAA;AAAA;AAAA,SAAZ;;AAAA;AAAA;AAAA;AAAA,QAA5G;AAAA,CAAxB;;AA0BP,OAAO,IAAMsB,gCAAgC,SAAhCA,6BAAgC,CAACzB,aAAD,EAAgB0B,IAAhB;AAAA,WAAyB;AAAA,6EAAY,kBAAOxB,OAAP,EAAgBC,MAAhB;AAAA;AAAA;AAAA;AAAA;AAAA;AAC1EU,sCAD0E,GAC7D;AACbf,0CADa;AAEbQ,yCAAS,2BAFI;AAGbC,4EAA0CmB;AAH7B,6BAD6D;AAAA;AAAA;AAAA,mCAQpEd,oBAAYC,UAAZ,IAAwBR,IAAIL,aAA5B,IARoE;;AAAA;AAS1EE;AAT0E;AAAA;;AAAA;AAAA;AAAA;;AAW1EC;;AAX0E;AAAA;AAAA;AAAA;AAAA;AAAA;AAAA,SAAZ;;AAAA;AAAA;AAAA;AAAA,QAAzB;AAAA,CAAtC;;AAeP,OAAO,IAAMwB,qBAAqB,SAArBA,kBAAqB,QAAmB3B,aAAnB,EAAkC4B,YAAlC;AAAA,QAAGX,MAAH,SAAGA,MAAH;AAAA,QAAWY,IAAX,SAAWA,IAAX;AAAA,WAAmD;AAAA,6EAAY,kBAAO3B,OAAP,EAAgBC,MAAhB;AAAA;AAAA;AAAA;AAAA;AAAA;AACzFU,sCADyF,GAC5E;AACbf,0CADa;AAEbQ,yCAAS,iBAFI;AAGbC,sCAASqB,YAAT,kDAAkEC,IAAlE;AAHa,6BAD4E;AAAA;AAAA;AAAA,mCAQnFjB,oBAAYC,UAAZ,IAAwBR,IAAIL,aAA5B,IARmF;;AAAA;AASzFE;AATyF;AAAA;;AAAA;AAAA;AAAA;;AAWzF4B,oCAAQC,GAAR,CAAY,KAAZ;AACA5B;;AAZyF;AAAA;AAAA;AAAA;AAAA;AAAA;AAAA,SAAZ;;AAAA;AAAA;AAAA;AAAA,QAAnD;AAAA,CAA3B","file":"mailer.js","sourceRoot":"/Users/Sleekvick/Projects/pipepay/server","sourcesContent":["import nodemailer from 'nodemailer';\n\nconst ZOHO_EMAIL = process.env.ZOHO_EMAIL;\nconst ZOHO_PASSWORD = process.env.ZOHO_PASSWORD;\n\nconst transporter = nodemailer.createTransport({\n    host: 'smtp.zoho.com',\n    port: 465,\n    secure: true,\n    auth: {\n        user: ZOHO_EMAIL,\n        pass: ZOHO_PASSWORD\n    }\n});\n\nconst from = 'Pipepay <hello@pipepay.africa>';\n\nexport const sendInvoiceMail = ({ customerEmail, totalPrice }) => new Promise((resolve, reject) => {\n    let mailOptions = {\n        from,\n        to: customerEmail,\n        subject: 'Your Invoice Is Ready',\n        text: `Your invoice is worth ${totalPrice }`,\n    };\n\n    transporter.sendMail(mailOptions, (error, info) => {\n        if (error) {\n            return reject(new Error(error));\n        }\n\n        resolve(info);\n    });\n});\n\nconst sendTo = (mailOption) => new Promise((resolve, reject) => {\n    transporter.sendMail(mailOption, (error, info) => {\n        if (error) {\n            return reject(new Error(error));\n        }\n\n        resolve(info);\n    });\n});\n\nexport const sendReceiptMail = (customerName, customerEmail, marchantEmail, amount) => new Promise(async (resolve, reject) => {\n    let mailOption = {\n        from,\n        subject: 'Your Receipt Is Ready',\n        text: `${customerName} made payment of ${amount}`,\n    };\n\n\n    try {\n        await Promise.all([\n            sendTo({ ...mailOption, to: customerEmail }),\n            sendTo({ ...mailOption, to: marchantEmail })\n        ]);\n        resolve();\n    } catch(err) {\n        reject(err);\n    }\n});\n\nexport const sendTransferMail = (customerEmail, marchantEmail) => new Promise((esolve, reject) => {\n\n});\n\nexport const sendDisputeMail = (marchantEmail, customerEmail, customerName, reason, disputeFrom, supportEmail = 'hello@pipepay.africa') => new Promise(async (resolve, reject) => {\n    let mailOption = {\n        from,\n        subject: 'Payment Dispute',\n    };\n\n    try {\n        if (disputeFrom !== 'marchant') {\n            await Promise.all([\n                sendTo({ ...mailOption, to: customerEmail,  text: 'Your dispute has been received, you will hear from our support rep soon.' }),\n                sendTo({ ...mailOption, to: marchantEmail, text: `New dispute from ${customerName} reason being that: \"${reason}\"` }),\n                sendTo({ ...mailOption, to: supportEmail, text: `New dispute from ${customerEmail} reason being that: \"${reason}\" marchant email is ${marchantEmail}` })\n            ]);\n        } else {\n            await Promise.all([\n                sendTo({ ...mailOption, to: customerEmail,  text: 'Your dispute has been received, you will hear from our support rep soon.' }),\n                sendTo({ ...mailOption, to: marchantEmail, text: `New dispute from ${customerName} reason being that: \"${reason}\"` }),\n                sendTo({ ...mailOption, to: supportEmail, text: `New dispute from ${marchantEmail} reason being that: \"${reason}\" customer email is ${customerEmail}` })\n            ]);\n        }\n        resolve();\n    } catch(err) {\n        reject(err);\n    }\n});\n\nexport const sendCustormerVerificationCode = (customerEmail, code) => new Promise(async (resolve, reject) => {\n    let mailOption = {\n        from,\n        subject: 'Invoice Mail Verification',\n        text: `Your invoice verfication code is ${code}`\n    };\n\n    try {\n        await sendTo({ ...mailOption, to: customerEmail });\n        resolve();\n    } catch(err) {\n        reject(err);\n    }\n});\n\nexport const sendPaymentRequest = ({ amount, name }, customerEmail, marchantName) => new Promise(async (resolve, reject) => {\n    let mailOption = {\n        from,\n        subject: 'Payment Request',\n        text: `${marchantName} is requesting for payment for milestone \"${name}\"`\n    };\n\n    try {\n        await sendTo({ ...mailOption, to: customerEmail });\n        resolve();\n    } catch(err) {\n        console.log('err', err);\n        reject(err);\n    }\n});"]},"_coverageSchema":"332fd63041d2c1bcb487cc26dd0d5f7d97098a6c","hash":"31ce3a99e29e7d0d9c72b059e92e2bcd2dfceee5"},"/Users/Sleekvick/Projects/pipepay/server/src/api/resources/dispute/dispute.controller.js":{"path":"/Users/Sleekvick/Projects/pipepay/server/src/api/resources/dispute/dispute.controller.js","statementMap":{"0":{"start":{"line":4,"column":12},"end":{"line":4,"column":16}},"1":{"start":{"line":11,"column":24},"end":{"line":103,"column":2}},"2":{"start":{"line":13,"column":18},"end":{"line":13,"column":38}},"3":{"start":{"line":15,"column":8},"end":{"line":19,"column":11}},"4":{"start":{"line":16,"column":12},"end":{"line":16,"column":123}},"5":{"start":{"line":16,"column":21},"end":{"line":16,"column":123}},"6":{"start":{"line":17,"column":12},"end":{"line":17,"column":30}},"7":{"start":{"line":18,"column":12},"end":{"line":18,"column":19}},"8":{"start":{"line":22,"column":19},"end":{"line":22,"column":27}},"9":{"start":{"line":23,"column":27},"end":{"line":23,"column":38}},"10":{"start":{"line":24,"column":28},"end":{"line":24,"column":54}},"11":{"start":{"line":25,"column":28},"end":{"line":25,"column":54}},"12":{"start":{"line":26,"column":27},"end":{"line":26,"column":52}},"13":{"start":{"line":27,"column":18},"end":{"line":27,"column":34}},"14":{"start":{"line":29,"column":8},"end":{"line":29,"column":29}},"15":{"start":{"line":30,"column":8},"end":{"line":30,"column":29}},"16":{"start":{"line":31,"column":8},"end":{"line":70,"column":13}},"17":{"start":{"line":32,"column":23},"end":{"line":65,"column":15}},"18":{"start":{"line":33,"column":16},"end":{"line":64,"column":45}},"19":{"start":{"line":34,"column":20},"end":{"line":63,"column":21}},"20":{"start":{"line":35,"column":24},"end":{"line":62,"column":25}},"21":{"start":{"line":37,"column":32},"end":{"line":40,"column":33}},"22":{"start":{"line":38,"column":36},"end":{"line":38,"column":54}},"23":{"start":{"line":39,"column":36},"end":{"line":39,"column":42}},"24":{"start":{"line":42,"column":32},"end":{"line":42,"column":159}},"25":{"start":{"line":45,"column":32},"end":{"line":45,"column":50}},"26":{"start":{"line":46,"column":32},"end":{"line":46,"column":50}},"27":{"start":{"line":47,"column":32},"end":{"line":47,"column":123}},"28":{"start":{"line":50,"column":32},"end":{"line":50,"column":71}},"29":{"start":{"line":51,"column":32},"end":{"line":51,"column":51}},"30":{"start":{"line":52,"column":32},"end":{"line":52,"column":38}},"31":{"start":{"line":55,"column":32},"end":{"line":55,"column":50}},"32":{"start":{"line":56,"column":32},"end":{"line":56,"column":67}},"33":{"start":{"line":57,"column":32},"end":{"line":57,"column":150}},"34":{"start":{"line":61,"column":32},"end":{"line":61,"column":55}},"35":{"start":{"line":67,"column":12},"end":{"line":69,"column":14}},"36":{"start":{"line":68,"column":16},"end":{"line":68,"column":51}},"37":{"start":{"line":73,"column":24},"end":{"line":73,"column":44}},"38":{"start":{"line":74,"column":8},"end":{"line":101,"column":13}},"39":{"start":{"line":75,"column":24},"end":{"line":96,"column":15}},"40":{"start":{"line":76,"column":16},"end":{"line":95,"column":36}},"41":{"start":{"line":77,"column":20},"end":{"line":94,"column":21}},"42":{"start":{"line":78,"column":24},"end":{"line":93,"column":25}},"43":{"start":{"line":80,"column":32},"end":{"line":83,"column":33}},"44":{"start":{"line":81,"column":36},"end":{"line":81,"column":55}},"45":{"start":{"line":82,"column":36},"end":{"line":82,"column":42}},"46":{"start":{"line":85,"column":32},"end":{"line":85,"column":144}},"47":{"start":{"line":88,"column":32},"end":{"line":88,"column":71}},"48":{"start":{"line":92,"column":32},"end":{"line":92,"column":56}},"49":{"start":{"line":98,"column":12},"end":{"line":100,"column":14}},"50":{"start":{"line":99,"column":16},"end":{"line":99,"column":52}}},"fnMap":{"0":{"name":"getInvoiceId","decl":{"start":{"line":12,"column":27},"end":{"line":12,"column":39}},"loc":{"start":{"line":12,"column":56},"end":{"line":20,"column":5}},"line":12},"1":{"name":"(anonymous_1)","decl":{"start":{"line":15,"column":43},"end":{"line":15,"column":44}},"loc":{"start":{"line":15,"column":63},"end":{"line":19,"column":9}},"line":15},"2":{"name":"createOne","decl":{"start":{"line":21,"column":24},"end":{"line":21,"column":33}},"loc":{"start":{"line":21,"column":44},"end":{"line":71,"column":5}},"line":21},"3":{"name":"(anonymous_3)","decl":{"start":{"line":31,"column":34},"end":{"line":31,"column":35}},"loc":{"start":{"line":31,"column":46},"end":{"line":70,"column":9}},"line":31},"4":{"name":"_callee","decl":{"start":{"line":32,"column":89},"end":{"line":32,"column":96}},"loc":{"start":{"line":32,"column":107},"end":{"line":65,"column":13}},"line":32},"5":{"name":"_callee$","decl":{"start":{"line":33,"column":57},"end":{"line":33,"column":65}},"loc":{"start":{"line":33,"column":76},"end":{"line":64,"column":17}},"line":33},"6":{"name":"(anonymous_6)","decl":{"start":{"line":67,"column":19},"end":{"line":67,"column":20}},"loc":{"start":{"line":67,"column":38},"end":{"line":69,"column":13}},"line":67},"7":{"name":"getOne","decl":{"start":{"line":72,"column":21},"end":{"line":72,"column":27}},"loc":{"start":{"line":72,"column":38},"end":{"line":102,"column":5}},"line":72},"8":{"name":"(anonymous_8)","decl":{"start":{"line":74,"column":55},"end":{"line":74,"column":56}},"loc":{"start":{"line":74,"column":67},"end":{"line":101,"column":9}},"line":74},"9":{"name":"_callee2","decl":{"start":{"line":75,"column":90},"end":{"line":75,"column":98}},"loc":{"start":{"line":75,"column":109},"end":{"line":96,"column":13}},"line":75},"10":{"name":"_callee2$","decl":{"start":{"line":76,"column":57},"end":{"line":76,"column":66}},"loc":{"start":{"line":76,"column":78},"end":{"line":95,"column":17}},"line":76},"11":{"name":"(anonymous_11)","decl":{"start":{"line":98,"column":19},"end":{"line":98,"column":20}},"loc":{"start":{"line":98,"column":39},"end":{"line":100,"column":13}},"line":98}},"branchMap":{"0":{"loc":{"start":{"line":16,"column":12},"end":{"line":16,"column":123}},"type":"if","locations":[{"start":{"line":16,"column":12},"end":{"line":16,"column":123}},{"start":{"line":16,"column":12},"end":{"line":16,"column":123}}],"line":16},"1":{"loc":{"start":{"line":35,"column":24},"end":{"line":62,"column":25}},"type":"switch","locations":[{"start":{"line":36,"column":28},"end":{"line":42,"column":159}},{"start":{"line":44,"column":28},"end":{"line":47,"column":123}},{"start":{"line":49,"column":28},"end":{"line":52,"column":38}},{"start":{"line":54,"column":28},"end":{"line":57,"column":150}},{"start":{"line":59,"column":28},"end":{"line":59,"column":36}},{"start":{"line":60,"column":28},"end":{"line":61,"column":55}}],"line":35},"2":{"loc":{"start":{"line":37,"column":32},"end":{"line":40,"column":33}},"type":"if","locations":[{"start":{"line":37,"column":32},"end":{"line":40,"column":33}},{"start":{"line":37,"column":32},"end":{"line":40,"column":33}}],"line":37},"3":{"loc":{"start":{"line":78,"column":24},"end":{"line":93,"column":25}},"type":"switch","locations":[{"start":{"line":79,"column":28},"end":{"line":85,"column":144}},{"start":{"line":87,"column":28},"end":{"line":88,"column":71}},{"start":{"line":90,"column":28},"end":{"line":90,"column":35}},{"start":{"line":91,"column":28},"end":{"line":92,"column":56}}],"line":78},"4":{"loc":{"start":{"line":80,"column":32},"end":{"line":83,"column":33}},"type":"if","locations":[{"start":{"line":80,"column":32},"end":{"line":83,"column":33}},{"start":{"line":80,"column":32},"end":{"line":83,"column":33}}],"line":80}},"s":{"0":1,"1":1,"2":7,"3":7,"4":7,"5":0,"6":7,"7":7,"8":1,"9":1,"10":1,"11":1,"12":1,"13":1,"14":1,"15":1,"16":1,"17":1,"18":1,"19":2,"20":4,"21":1,"22":1,"23":1,"24":0,"25":1,"26":1,"27":1,"28":1,"29":1,"30":1,"31":0,"32":0,"33":0,"34":1,"35":1,"36":1,"37":1,"38":1,"39":1,"40":1,"41":1,"42":2,"43":1,"44":1,"45":1,"46":0,"47":1,"48":1,"49":1,"50":1},"f":{"0":7,"1":7,"2":1,"3":1,"4":1,"5":2,"6":1,"7":1,"8":1,"9":1,"10":1,"11":1},"b":{"0":[0,7],"1":[1,1,1,0,1,1],"2":[1,0],"3":[1,1,1,1],"4":[1,0]},"inputSourceMap":{"version":3,"sources":["src/api/resources/dispute/dispute.controller.js"],"names":["DisputeModel","InvoiceModel","generateController","sendDisputeMail","DisputeController","getInvoiceId","req","res","next","_id","params","invoiceId","findOne","err","doc","status","send","error","message","success","invoice","createOne","body","marchantEmail","customerEmail","customerName","create","reason","from","data","getOne"],"mappings":";;;;;AAAA,OAAOA,YAAP,MAAyB,iBAAzB;AACA,OAAOC,YAAP,MAAyB,0BAAzB;AACA,OAAOC,kBAAP,MAA+B,kCAA/B;AACA,SAASC,eAAT,QAAgC,sBAAhC;;AAEA,IAAMC,oBAAoBF,mBAAmBF,YAAnB,EAAiC;AACvDK,kBAAc,sBAACC,GAAD,EAAMC,GAAN,EAAWC,IAAX,EAAoB;AAC9B,YAAMC,MAAMH,IAAII,MAAJ,CAAWC,SAAvB;;AAEAV,qBAAaW,OAAb,CAAqB,EAAEH,QAAF,EAArB,EAA8B,UAACI,GAAD,EAAMC,GAAN,EAAc;AACxC,gBAAID,GAAJ,EAAS,OAAON,IAAIQ,MAAJ,CAAW,GAAX,EAAgBC,IAAhB,CAAqB,EAAEC,OAAO,EAAEC,SAAS,gCAAX,EAAT,EAAwDC,SAAS,KAAjE,EAArB,CAAP;AACTb,gBAAIc,OAAJ,GAAcN,GAAd;AACAN;AACH,SAJD;AAKH,KATsD;AAUvDa,eAAW,mBAACf,GAAD,EAAMC,GAAN,EAAc;AACrB,YAAMe,OAAOhB,IAAIgB,IAAjB;AADqB,2BAEuChB,IAAIc,OAF3C;AAAA,YAEbG,aAFa,gBAEbA,aAFa;AAAA,YAEEC,aAFF,gBAEEA,aAFF;AAAA,YAEiBC,YAFjB,gBAEiBA,YAFjB;AAAA,YAE+BhB,GAF/B,gBAE+BA,GAF/B;;AAGrBa,aAAKP,MAAL,GAAc,MAAd;AACAO,aAAKX,SAAL,GAAiBF,GAAjB;AACAT,qBAAa0B,MAAb,CAAoBJ,IAApB;AAAA,gFAA0B,iBAAOT,GAAP,EAAYC,GAAZ;AAAA;AAAA;AAAA;AAAA;AAAA,qCAClBD,GADkB;AAAA;AAAA;AAAA;;AAAA,iEACNN,IAAIQ,MAAJ,CAAW,GAAX,EAAgBC,IAAhB,CAAqB,EAAEC,OAAO,EAAEC,SAAS,8BAAX,EAAT,EAAsDC,SAAS,KAA/D,EAArB,CADM;;AAAA;AAAA;AAAA;AAAA,uCAIZhB,gBAAgBoB,aAAhB,EAA+BC,aAA/B,EAA8CC,YAA9C,EAA4DH,KAAKK,MAAjE,EAAyEL,KAAKM,IAA9E,CAJY;;AAAA;AAKlBrB,oCAAIS,IAAJ,CAAS,EAAEa,MAAMf,GAAR,EAAaK,SAAS,IAAtB,EAAT;AALkB;AAAA;;AAAA;AAAA;AAAA;AAAA,iEAOXZ,IAAIQ,MAAJ,CAAW,GAAX,EAAgBC,IAAhB,CAAqB,EAAEC,OAAO,EAAEC,SAAS,qBAAX,EAAT,EAA6CC,SAAS,KAAtD,EAArB,CAPW;;AAAA;AAAA;AAAA;AAAA;AAAA;AAAA;AAAA,aAA1B;;AAAA;AAAA;AAAA;AAAA;AAUH,KAzBsD;AA0BvDW,YAAQ,gBAACxB,GAAD,EAAMC,GAAN,EAAc;AAClB,YAAMI,YAAYL,IAAII,MAAJ,CAAWC,SAA7B;AACAX,qBAAaY,OAAb,CAAqB,EAAED,oBAAF,EAArB;AAAA,iFAAoC,kBAAOE,GAAP,EAAYC,GAAZ;AAAA;AAAA;AAAA;AAAA;AAAA,qCAC5BD,GAD4B;AAAA;AAAA;AAAA;;AAAA,kEAChBN,IAAIQ,MAAJ,CAAW,GAAX,EAAgBC,IAAhB,CAAqB,EAAEC,OAAO,EAAEC,SAAS,cAAX,EAAT,EAAsCC,SAAS,KAA/C,EAArB,CADgB;;AAAA;AAEhCZ,oCAAIS,IAAJ,CAAS,EAAEa,MAAMf,GAAR,EAAaK,SAAS,IAAtB,EAAT;;AAFgC;AAAA;AAAA;AAAA;AAAA;AAAA;AAAA,aAApC;;AAAA;AAAA;AAAA;AAAA;AAIH;AAhCsD,CAAjC,CAA1B;;AAmCA,eAAef,iBAAf","file":"dispute.controller.js","sourceRoot":"/Users/Sleekvick/Projects/pipepay/server","sourcesContent":["import DisputeModel from './dispute.model';\nimport InvoiceModel from '../invoice/invoice.model';\nimport generateController from '../../modules/generateController';\nimport { sendDisputeMail } from '../../modules/mailer';\n\nconst DisputeController = generateController(DisputeModel, {\n    getInvoiceId: (req, res, next) => {\n        const _id = req.params.invoiceId;\n\n        InvoiceModel.findOne({ _id }, (err, doc) => {\n            if (err) return res.status(400).send({ error: { message: 'Invoice with id does not exits' }, success: false });\n            req.invoice = doc;\n            next()\n        });\n    },\n    createOne: (req, res) => {\n        const body = req.body;\n        const { marchantEmail, customerEmail, customerName, _id } = req.invoice;\n        body.status = \"open\";\n        body.invoiceId = _id;\n        DisputeModel.create(body, async (err, doc) => {\n            if (err) return res.status(400).send({ error: { message: 'Could not create the dispute' }, success: false });\n\n            try {\n                await sendDisputeMail(marchantEmail, customerEmail, customerName, body.reason, body.from);\n                res.send({ data: doc, success: true });\n            } catch (err) {\n                return res.status(400).send({ error: { message: 'Could not send mail' }, success: false });\n            }\n        });\n    },\n    getOne: (req, res) => {\n        const invoiceId = req.params.invoiceId;\n        DisputeModel.findOne({ invoiceId }, async (err, doc) => {\n            if (err) return res.status(400).send({ error: { message: 'Find dispute' }, success: false });\n            res.send({ data: doc, success: true });\n        });\n    }\n});\n\nexport default DisputeController;"]},"_coverageSchema":"332fd63041d2c1bcb487cc26dd0d5f7d97098a6c","hash":"a9bd1131caf8e1ac1905da55b3cbb9d278c1f65f"},"/Users/Sleekvick/Projects/pipepay/server/src/api/resources/verify/verify.route.js":{"path":"/Users/Sleekvick/Projects/pipepay/server/src/api/resources/verify/verify.route.js","statementMap":{"0":{"start":{"line":4,"column":12},"end":{"line":4,"column":16}},"1":{"start":{"line":10,"column":13},"end":{"line":10,"column":29}},"2":{"start":{"line":12,"column":0},"end":{"line":12,"column":58}},"3":{"start":{"line":14,"column":0},"end":{"line":49,"column":5}},"4":{"start":{"line":15,"column":15},"end":{"line":44,"column":7}},"5":{"start":{"line":18,"column":8},"end":{"line":43,"column":37}},"6":{"start":{"line":19,"column":12},"end":{"line":42,"column":13}},"7":{"start":{"line":20,"column":16},"end":{"line":41,"column":17}},"8":{"start":{"line":22,"column":24},"end":{"line":22,"column":133}},"9":{"start":{"line":23,"column":24},"end":{"line":23,"column":42}},"10":{"start":{"line":24,"column":24},"end":{"line":24,"column":42}},"11":{"start":{"line":25,"column":24},"end":{"line":25,"column":88}},"12":{"start":{"line":28,"column":24},"end":{"line":28,"column":52}},"13":{"start":{"line":29,"column":24},"end":{"line":29,"column":43}},"14":{"start":{"line":30,"column":24},"end":{"line":30,"column":30}},"15":{"start":{"line":33,"column":24},"end":{"line":33,"column":42}},"16":{"start":{"line":34,"column":24},"end":{"line":34,"column":59}},"17":{"start":{"line":36,"column":24},"end":{"line":36,"column":84}},"18":{"start":{"line":40,"column":24},"end":{"line":40,"column":47}},"19":{"start":{"line":46,"column":4},"end":{"line":48,"column":6}},"20":{"start":{"line":47,"column":8},"end":{"line":47,"column":43}}},"fnMap":{"0":{"name":"(anonymous_0)","decl":{"start":{"line":14,"column":32},"end":{"line":14,"column":33}},"loc":{"start":{"line":14,"column":44},"end":{"line":49,"column":1}},"line":14},"1":{"name":"_callee","decl":{"start":{"line":15,"column":81},"end":{"line":15,"column":88}},"loc":{"start":{"line":15,"column":99},"end":{"line":44,"column":5}},"line":15},"2":{"name":"_callee$","decl":{"start":{"line":18,"column":49},"end":{"line":18,"column":57}},"loc":{"start":{"line":18,"column":68},"end":{"line":43,"column":9}},"line":18},"3":{"name":"(anonymous_3)","decl":{"start":{"line":46,"column":11},"end":{"line":46,"column":12}},"loc":{"start":{"line":46,"column":30},"end":{"line":48,"column":5}},"line":46}},"branchMap":{"0":{"loc":{"start":{"line":20,"column":16},"end":{"line":41,"column":17}},"type":"switch","locations":[{"start":{"line":21,"column":20},"end":{"line":25,"column":88}},{"start":{"line":27,"column":20},"end":{"line":30,"column":30}},{"start":{"line":32,"column":20},"end":{"line":36,"column":84}},{"start":{"line":38,"column":20},"end":{"line":38,"column":28}},{"start":{"line":39,"column":20},"end":{"line":40,"column":47}}],"line":20}},"s":{"0":1,"1":1,"2":1,"3":1,"4":1,"5":1,"6":2,"7":3,"8":1,"9":1,"10":1,"11":1,"12":1,"13":1,"14":1,"15":0,"16":0,"17":0,"18":1,"19":1,"20":1},"f":{"0":1,"1":1,"2":2,"3":1},"b":{"0":[1,1,0,1,1]},"inputSourceMap":{"version":3,"sources":["src/api/resources/verify/verify.route.js"],"names":["express","DisputeController","sendCustormerVerificationCode","Router","param","getInvoiceId","route","get","req","res","invoice","customerEmail","verifyCode","send","success","status","error"],"mappings":";;;;;AAAA,OAAOA,OAAP,MAAoB,SAApB;AACA,OAAOC,iBAAP,MAA8B,+BAA9B;AACA,SAASC,6BAAT,QAA8C,sBAA9C;;AAEA,IAAMC,SAASH,QAAQG,MAAR,EAAf;;AAEAA,OAAOC,KAAP,CAAa,WAAb,EAA0BH,kBAAkBI,YAA5C;;AAEAF,OAAOG,KAAP,CAAa,aAAb,EACKC,GADL;AAAA,wEACS,iBAAOC,GAAP,EAAYC,GAAZ;AAAA;;AAAA;AAAA;AAAA;AAAA;AAAA,uCACqCD,IAAIE,OADzC,EACOC,aADP,gBACOA,aADP,EACsBC,UADtB,gBACsBA,UADtB;AAAA;AAAA;AAAA,+BAISV,8BAA8BS,aAA9B,EAA6CC,UAA7C,CAJT;;AAAA;AAKGH,4BAAII,IAAJ,CAAS,EAAEC,SAAS,IAAX,EAAT;AALH;AAAA;;AAAA;AAAA;AAAA;;AAOGL,4BAAIM,MAAJ,CAAW,GAAX,EAAgBF,IAAhB,CAAqB,EAAEE,QAAQ,KAAV,EAAiBC,kBAAjB,EAArB;;AAPH;AAAA;AAAA;AAAA;AAAA;AAAA;AAAA,KADT;;AAAA;AAAA;AAAA;AAAA;;AAYA,eAAeb,MAAf","file":"verify.route.js","sourceRoot":"/Users/Sleekvick/Projects/pipepay/server","sourcesContent":["import express from 'express';\nimport DisputeController from '../dispute/dispute.controller';\nimport { sendCustormerVerificationCode } from '../../modules/mailer';\n\nconst Router = express.Router();\n\nRouter.param('invoiceId', DisputeController.getInvoiceId);\n\nRouter.route('/:invoiceId')\n    .get(async (req, res) => {\n        const { customerEmail, verifyCode } = req.invoice;\n\n        try {\n            await sendCustormerVerificationCode(customerEmail, verifyCode);\n            res.send({ success: true });\n        } catch (error) {\n            res.status(400).send({ status: false, error });\n        }\n    });\n\nexport default Router;"]},"_coverageSchema":"332fd63041d2c1bcb487cc26dd0d5f7d97098a6c","hash":"3e3ed174ba3cd9b8a308e49b5f7e7635103460b0"},"/Users/Sleekvick/Projects/pipepay/server/src/api/resources/request/request.route.js":{"path":"/Users/Sleekvick/Projects/pipepay/server/src/api/resources/request/request.route.js","statementMap":{"0":{"start":{"line":5,"column":12},"end":{"line":5,"column":16}},"1":{"start":{"line":10,"column":13},"end":{"line":10,"column":29}},"2":{"start":{"line":12,"column":0},"end":{"line":74,"column":5}},"3":{"start":{"line":13,"column":15},"end":{"line":69,"column":7}},"4":{"start":{"line":16,"column":8},"end":{"line":68,"column":38}},"5":{"start":{"line":17,"column":12},"end":{"line":67,"column":13}},"6":{"start":{"line":18,"column":16},"end":{"line":66,"column":17}},"7":{"start":{"line":20,"column":24},"end":{"line":20,"column":123}},"8":{"start":{"line":21,"column":24},"end":{"line":21,"column":42}},"9":{"start":{"line":22,"column":24},"end":{"line":22,"column":42}},"10":{"start":{"line":23,"column":24},"end":{"line":23,"column":72}},"11":{"start":{"line":26,"column":24},"end":{"line":26,"column":46}},"12":{"start":{"line":27,"column":24},"end":{"line":27,"column":54}},"13":{"start":{"line":28,"column":24},"end":{"line":28,"column":60}},"14":{"start":{"line":29,"column":24},"end":{"line":29,"column":58}},"15":{"start":{"line":30,"column":24},"end":{"line":33,"column":124}},"16":{"start":{"line":31,"column":38},"end":{"line":31,"column":47}},"17":{"start":{"line":32,"column":28},"end":{"line":32,"column":55}},"18":{"start":{"line":35,"column":24},"end":{"line":38,"column":25}},"19":{"start":{"line":36,"column":28},"end":{"line":36,"column":47}},"20":{"start":{"line":37,"column":28},"end":{"line":37,"column":34}},"21":{"start":{"line":40,"column":24},"end":{"line":40,"column":43}},"22":{"start":{"line":41,"column":24},"end":{"line":41,"column":90}},"23":{"start":{"line":44,"column":24},"end":{"line":44,"column":64}},"24":{"start":{"line":45,"column":24},"end":{"line":45,"column":43}},"25":{"start":{"line":46,"column":24},"end":{"line":46,"column":30}},"26":{"start":{"line":49,"column":24},"end":{"line":49,"column":115}},"27":{"start":{"line":52,"column":24},"end":{"line":52,"column":43}},"28":{"start":{"line":53,"column":24},"end":{"line":53,"column":30}},"29":{"start":{"line":56,"column":24},"end":{"line":56,"column":43}},"30":{"start":{"line":57,"column":24},"end":{"line":57,"column":59}},"31":{"start":{"line":59,"column":24},"end":{"line":59,"column":48}},"32":{"start":{"line":60,"column":24},"end":{"line":60,"column":66}},"33":{"start":{"line":60,"column":41},"end":{"line":60,"column":66}},"34":{"start":{"line":61,"column":24},"end":{"line":61,"column":102}},"35":{"start":{"line":61,"column":41},"end":{"line":61,"column":102}},"36":{"start":{"line":65,"column":24},"end":{"line":65,"column":47}},"37":{"start":{"line":71,"column":4},"end":{"line":73,"column":6}},"38":{"start":{"line":72,"column":8},"end":{"line":72,"column":43}}},"fnMap":{"0":{"name":"(anonymous_0)","decl":{"start":{"line":12,"column":45},"end":{"line":12,"column":46}},"loc":{"start":{"line":12,"column":57},"end":{"line":74,"column":1}},"line":12},"1":{"name":"_callee","decl":{"start":{"line":13,"column":81},"end":{"line":13,"column":88}},"loc":{"start":{"line":13,"column":99},"end":{"line":69,"column":5}},"line":13},"2":{"name":"_callee$","decl":{"start":{"line":16,"column":49},"end":{"line":16,"column":57}},"loc":{"start":{"line":16,"column":68},"end":{"line":68,"column":9}},"line":16},"3":{"name":"(anonymous_3)","decl":{"start":{"line":30,"column":63},"end":{"line":30,"column":64}},"loc":{"start":{"line":30,"column":80},"end":{"line":33,"column":25}},"line":30},"4":{"name":"(anonymous_4)","decl":{"start":{"line":71,"column":11},"end":{"line":71,"column":12}},"loc":{"start":{"line":71,"column":30},"end":{"line":73,"column":5}},"line":71}},"branchMap":{"0":{"loc":{"start":{"line":18,"column":16},"end":{"line":66,"column":17}},"type":"switch","locations":[{"start":{"line":19,"column":20},"end":{"line":23,"column":72}},{"start":{"line":25,"column":20},"end":{"line":41,"column":90}},{"start":{"line":43,"column":20},"end":{"line":46,"column":30}},{"start":{"line":48,"column":20},"end":{"line":49,"column":115}},{"start":{"line":51,"column":20},"end":{"line":53,"column":30}},{"start":{"line":55,"column":20},"end":{"line":61,"column":102}},{"start":{"line":63,"column":20},"end":{"line":63,"column":28}},{"start":{"line":64,"column":20},"end":{"line":65,"column":47}}],"line":18},"1":{"loc":{"start":{"line":35,"column":24},"end":{"line":38,"column":25}},"type":"if","locations":[{"start":{"line":35,"column":24},"end":{"line":38,"column":25}},{"start":{"line":35,"column":24},"end":{"line":38,"column":25}}],"line":35},"2":{"loc":{"start":{"line":35,"column":30},"end":{"line":35,"column":58}},"type":"binary-expr","locations":[{"start":{"line":35,"column":30},"end":{"line":35,"column":39}},{"start":{"line":35,"column":43},"end":{"line":35,"column":58}}],"line":35},"3":{"loc":{"start":{"line":60,"column":24},"end":{"line":60,"column":66}},"type":"if","locations":[{"start":{"line":60,"column":24},"end":{"line":60,"column":66}},{"start":{"line":60,"column":24},"end":{"line":60,"column":66}}],"line":60},"4":{"loc":{"start":{"line":61,"column":24},"end":{"line":61,"column":102}},"type":"if","locations":[{"start":{"line":61,"column":24},"end":{"line":61,"column":102}},{"start":{"line":61,"column":24},"end":{"line":61,"column":102}}],"line":61}},"s":{"0":1,"1":1,"2":1,"3":1,"4":1,"5":3,"6":5,"7":1,"8":1,"9":1,"10":1,"11":1,"12":1,"13":1,"14":1,"15":1,"16":3,"17":3,"18":1,"19":0,"20":0,"21":1,"22":1,"23":1,"24":1,"25":1,"26":0,"27":1,"28":1,"29":0,"30":0,"31":0,"32":0,"33":0,"34":0,"35":0,"36":1,"37":1,"38":1},"f":{"0":1,"1":1,"2":3,"3":3,"4":1},"b":{"0":[1,1,1,0,1,0,1,1],"1":[0,1],"2":[1,1],"3":[0,0],"4":[0,0]},"inputSourceMap":{"version":3,"sources":["src/api/resources/request/request.route.js"],"names":["express","InvoiceModel","sendPaymentRequest","Router","route","get","req","res","params","invoiceId","milestoneId","findOne","_id","milestones","customerEmail","marchantName","filter","milestone","paid","status","send","success","error","message","console","log"],"mappings":";;;;;;AAAA,OAAOA,OAAP,MAAoB,SAApB;AACA,OAAOC,YAAP,MAAyB,0BAAzB;AACA,SAASC,kBAAT,QAAmC,sBAAnC;AACA,IAAMC,SAASH,QAAQG,MAAR,EAAf;;AAGAA,OAAOC,KAAP,CAAa,0BAAb,EACKC,GADL;AAAA,wEACS,iBAAOC,GAAP,EAAYC,GAAZ;AAAA;;AAAA;AAAA;AAAA;AAAA;AAAA,sCACkCD,IAAIE,MADtC,EACOC,SADP,eACOA,SADP,EACkBC,WADlB,eACkBA,WADlB;AAAA;AAAA;AAAA,+BAI6DT,aAAaU,OAAb,CAAqB,EAAEC,KAAKH,SAAP,EAArB,CAJ7D;;AAAA;AAAA;AAIWI,kCAJX,SAIWA,UAJX;AAIuBC,qCAJvB,SAIuBA,aAJvB;AAIsCC,oCAJtC,SAIsCA,YAJtC;AAAA,6CAKyBF,WAAWG,MAAX,CAAkB;AAAA,gCAAGJ,GAAH,SAAGA,GAAH;AAAA,mCAAaA,QAAQF,WAArB;AAAA,yBAAlB,CALzB,+DAKWO,SALX;;AAAA,8BAOOA,aAAa,CAACA,UAAUC,IAP/B;AAAA;AAAA;AAAA;;AAAA;AAAA,+BAQahB,mBAAmBe,SAAnB,EAA8BH,aAA9B,EAA6CC,YAA7C,CARb;;AAAA;AASOR,4BAAIY,MAAJ,CAAW,GAAX,EAAgBC,IAAhB,CAAqB,EAAEC,SAAS,IAAX,EAArB;AATP;AAAA;;AAAA;AAWOd,4BAAIY,MAAJ,CAAW,GAAX,EAAgBC,IAAhB,CAAqB,EAAEC,SAAS,KAAX,EAAkBC,OAAO,EAAEC,SAAS,4BAAX,EAAzB,EAArB;;AAXP;AAAA;AAAA;;AAAA;AAAA;AAAA;;AAcGC,gCAAQC,GAAR,CAAY,UAAZ;AACA,yCAASD,QAAQC,GAAR;AACT,yCAASlB,IAAIY,MAAJ,CAAW,GAAX,EAAgBC,IAAhB,CAAqB,EAAEC,SAAS,KAAX,EAAkBC,kBAAlB,EAArB;;AAhBZ;AAAA;AAAA;AAAA;AAAA;AAAA;AAAA,KADT;;AAAA;AAAA;AAAA;AAAA;;AAsBA,eAAenB,MAAf","file":"request.route.js","sourceRoot":"/Users/Sleekvick/Projects/pipepay/server","sourcesContent":["import express from 'express';\nimport InvoiceModel from '../invoice/invoice.model';\nimport { sendPaymentRequest } from '../../modules/mailer';\nconst Router = express.Router();\n\n\nRouter.route('/:invoiceId/:milestoneId')\n    .get(async (req, res) => {\n        const { invoiceId, milestoneId } = req.params;\n        \n        try {\n            const { milestones, customerEmail, marchantName } = await InvoiceModel.findOne({ _id: invoiceId });\n            const [ milestone ] = milestones.filter(({ _id }) => _id !== milestoneId);\n\n            if (milestone && !milestone.paid) {\n                await sendPaymentRequest(milestone, customerEmail, marchantName);\n                res.status(200).send({ success: true });\n            } else {\n                res.status(400).send({ success: false, error: { message: 'Milestone already paid for' } });\n            }\n        } catch(err) {\n            console.log('error...');\n            if (err) console.log(err);\n            if (err) res.status(400).send({ success: false, error: err});\n        }\n\n    });\n\nexport default Router;"]},"_coverageSchema":"332fd63041d2c1bcb487cc26dd0d5f7d97098a6c","hash":"0b7c2371048066ac5e3aa3a01549dee8cf7f4be3"},"/Users/Sleekvick/Projects/pipepay/server/src/api/modules/recode.js":{"path":"/Users/Sleekvick/Projects/pipepay/server/src/api/modules/recode.js","statementMap":{"0":{"start":{"line":1,"column":18},"end":{"line":3,"column":1}},"1":{"start":{"line":2,"column":2},"end":{"line":2,"column":87}},"2":{"start":{"line":4,"column":16},"end":{"line":6,"column":1}},"3":{"start":{"line":5,"column":2},"end":{"line":5,"column":39}},"4":{"start":{"line":8,"column":2},"end":{"line":8,"column":102}}},"fnMap":{"0":{"name":"randomAlpha","decl":{"start":{"line":1,"column":27},"end":{"line":1,"column":38}},"loc":{"start":{"line":1,"column":41},"end":{"line":3,"column":1}},"line":1},"1":{"name":"randomNum","decl":{"start":{"line":4,"column":25},"end":{"line":4,"column":34}},"loc":{"start":{"line":4,"column":37},"end":{"line":6,"column":1}},"line":4},"2":{"name":"(anonymous_2)","decl":{"start":{"line":7,"column":16},"end":{"line":7,"column":17}},"loc":{"start":{"line":7,"column":28},"end":{"line":9,"column":1}},"line":7}},"branchMap":{},"s":{"0":1,"1":0,"2":1,"3":0,"4":0},"f":{"0":0,"1":0,"2":0},"b":{},"inputSourceMap":{"version":3,"sources":["src/api/modules/recode.js"],"names":["randomAlpha","charAt","Math","floor","random","alpha","length","randomNum"],"mappings":"AAAA,IAAMA,cAAc,SAAdA,WAAc;AAAA,SAAM,6BAA6BC,MAA7B,CAAoCC,KAAKC,KAAL,CAAWD,KAAKE,MAAL,KAAgBC,MAAMC,MAAjC,CAApC,CAAN;AAAA,CAApB;AACA,IAAMC,YAAY,SAAZA,SAAY;AAAA,SAAML,KAAKC,KAAL,CAAWD,KAAKE,MAAL,KAAgB,CAA3B,CAAN;AAAA,CAAlB;AACA,gBAAe;AAAA,cAASJ,aAAT,GAAyBO,WAAzB,GAAuCP,aAAvC,GAAuDO,WAAvD,GAAqEP,aAArE,GAAqFO,WAArF;AAAA,CAAf","file":"recode.js","sourceRoot":"/Users/Sleekvick/Projects/pipepay/server","sourcesContent":["const randomAlpha = () => 'abcdefghijklmnopqrstuvwxyz'.charAt(Math.floor(Math.random() * alpha.length));\nconst randomNum = () => Math.floor(Math.random() * 9);\nexport default () => `${randomAlpha()}${randomNum()}${randomAlpha()}${randomNum()}${randomAlpha()}${randomNum()}`;"]},"_coverageSchema":"332fd63041d2c1bcb487cc26dd0d5f7d97098a6c","hash":"9f2ba0b9f8dad86a1094729d38b396d3f758d723"},"/Users/Sleekvick/Projects/pipepay/server/src/api/modules/invoice.js":{"path":"/Users/Sleekvick/Projects/pipepay/server/src/api/modules/invoice.js","statementMap":{"0":{"start":{"line":5,"column":12},"end":{"line":5,"column":16}},"1":{"start":{"line":9,"column":13},"end":{"line":9,"column":40}},"2":{"start":{"line":11,"column":21},"end":{"line":27,"column":1}},"3":{"start":{"line":12,"column":15},"end":{"line":12,"column":24}},"4":{"start":{"line":13,"column":16},"end":{"line":13,"column":26}},"5":{"start":{"line":14,"column":16},"end":{"line":14,"column":26}},"6":{"start":{"line":15,"column":4},"end":{"line":26,"column":7}},"7":{"start":{"line":16,"column":8},"end":{"line":25,"column":11}},"8":{"start":{"line":21,"column":23},"end":{"line":21,"column":33}},"9":{"start":{"line":23,"column":12},"end":{"line":23,"column":33}},"10":{"start":{"line":23,"column":21},"end":{"line":23,"column":33}},"11":{"start":{"line":24,"column":12},"end":{"line":24,"column":26}},"12":{"start":{"line":29,"column":27},"end":{"line":73,"column":1}},"13":{"start":{"line":30,"column":21},"end":{"line":30,"column":91}},"14":{"start":{"line":31,"column":4},"end":{"line":72,"column":9}},"15":{"start":{"line":32,"column":20},"end":{"line":67,"column":11}},"16":{"start":{"line":35,"column":12},"end":{"line":66,"column":31}},"17":{"start":{"line":36,"column":16},"end":{"line":65,"column":17}},"18":{"start":{"line":37,"column":20},"end":{"line":64,"column":21}},"19":{"start":{"line":39,"column":28},"end":{"line":39,"column":46}},"20":{"start":{"line":40,"column":28},"end":{"line":40,"column":60}},"21":{"start":{"line":43,"column":28},"end":{"line":43,"column":50}},"22":{"start":{"line":44,"column":28},"end":{"line":44,"column":69}},"23":{"start":{"line":45,"column":28},"end":{"line":45,"column":62}},"24":{"start":{"line":48,"column":28},"end":{"line":59,"column":31}},"25":{"start":{"line":55,"column":43},"end":{"line":55,"column":53}},"26":{"start":{"line":57,"column":32},"end":{"line":57,"column":53}},"27":{"start":{"line":57,"column":41},"end":{"line":57,"column":53}},"28":{"start":{"line":58,"column":32},"end":{"line":58,"column":46}},"29":{"start":{"line":63,"column":28},"end":{"line":63,"column":51}},"30":{"start":{"line":69,"column":8},"end":{"line":71,"column":10}},"31":{"start":{"line":70,"column":12},"end":{"line":70,"column":48}}},"fnMap":{"0":{"name":"CreateCustomer","decl":{"start":{"line":11,"column":30},"end":{"line":11,"column":44}},"loc":{"start":{"line":11,"column":51},"end":{"line":27,"column":1}},"line":11},"1":{"name":"(anonymous_1)","decl":{"start":{"line":15,"column":24},"end":{"line":15,"column":25}},"loc":{"start":{"line":15,"column":51},"end":{"line":26,"column":5}},"line":15},"2":{"name":"(anonymous_2)","decl":{"start":{"line":20,"column":15},"end":{"line":20,"column":16}},"loc":{"start":{"line":20,"column":37},"end":{"line":25,"column":9}},"line":20},"3":{"name":"CreateInvoice","decl":{"start":{"line":29,"column":36},"end":{"line":29,"column":49}},"loc":{"start":{"line":29,"column":81},"end":{"line":73,"column":1}},"line":29},"4":{"name":"(anonymous_4)","decl":{"start":{"line":31,"column":24},"end":{"line":31,"column":25}},"loc":{"start":{"line":31,"column":36},"end":{"line":72,"column":5}},"line":31},"5":{"name":"_callee","decl":{"start":{"line":32,"column":86},"end":{"line":32,"column":93}},"loc":{"start":{"line":32,"column":111},"end":{"line":67,"column":9}},"line":32},"6":{"name":"_callee$","decl":{"start":{"line":35,"column":53},"end":{"line":35,"column":61}},"loc":{"start":{"line":35,"column":72},"end":{"line":66,"column":13}},"line":35},"7":{"name":"(anonymous_7)","decl":{"start":{"line":54,"column":35},"end":{"line":54,"column":36}},"loc":{"start":{"line":54,"column":57},"end":{"line":59,"column":29}},"line":54},"8":{"name":"(anonymous_8)","decl":{"start":{"line":69,"column":15},"end":{"line":69,"column":16}},"loc":{"start":{"line":69,"column":35},"end":{"line":71,"column":9}},"line":69}},"branchMap":{"0":{"loc":{"start":{"line":23,"column":12},"end":{"line":23,"column":33}},"type":"if","locations":[{"start":{"line":23,"column":12},"end":{"line":23,"column":33}},{"start":{"line":23,"column":12},"end":{"line":23,"column":33}}],"line":23},"1":{"loc":{"start":{"line":30,"column":21},"end":{"line":30,"column":91}},"type":"cond-expr","locations":[{"start":{"line":30,"column":74},"end":{"line":30,"column":86}},{"start":{"line":30,"column":89},"end":{"line":30,"column":91}}],"line":30},"2":{"loc":{"start":{"line":30,"column":21},"end":{"line":30,"column":71}},"type":"binary-expr","locations":[{"start":{"line":30,"column":21},"end":{"line":30,"column":41}},{"start":{"line":30,"column":45},"end":{"line":30,"column":71}}],"line":30},"3":{"loc":{"start":{"line":37,"column":20},"end":{"line":64,"column":21}},"type":"switch","locations":[{"start":{"line":38,"column":24},"end":{"line":40,"column":60}},{"start":{"line":42,"column":24},"end":{"line":59,"column":31}},{"start":{"line":61,"column":24},"end":{"line":61,"column":31}},{"start":{"line":62,"column":24},"end":{"line":63,"column":51}}],"line":37},"4":{"loc":{"start":{"line":57,"column":32},"end":{"line":57,"column":53}},"type":"if","locations":[{"start":{"line":57,"column":32},"end":{"line":57,"column":53}},{"start":{"line":57,"column":32},"end":{"line":57,"column":53}}],"line":57}},"s":{"0":1,"1":1,"2":1,"3":2,"4":2,"5":2,"6":2,"7":2,"8":2,"9":2,"10":0,"11":2,"12":1,"13":2,"14":2,"15":2,"16":2,"17":4,"18":4,"19":2,"20":2,"21":2,"22":2,"23":2,"24":2,"25":2,"26":2,"27":0,"28":2,"29":2,"30":2,"31":2},"f":{"0":2,"1":2,"2":2,"3":2,"4":2,"5":2,"6":4,"7":2,"8":2},"b":{"0":[0,2],"1":[2,0],"2":[2,2],"3":[2,2,2,2],"4":[0,2]},"inputSourceMap":{"version":3,"sources":["src/api/modules/invoice.js"],"names":["request","addDays","secret","process","env","PAYSTACK_SECRET","CreateCustomer","name","email","phone","resolve","reject","post","set","send","end","err","body","CreateInvoice","customer","amount","description","line_items","customer_code","data","due_date","Date"],"mappings":";;;;;;AAAA,OAAOA,OAAP,MAAoB,YAApB;AACA,OAAOC,OAAP,MAAoB,mBAApB;AACA,IAAMC,SAASC,QAAQC,GAAR,CAAYC,eAA3B;;AAEA,IAAMC,iBAAiB,SAAjBA,cAAiB;AAAA,QAAGC,IAAH,QAAGA,IAAH;AAAA,QAASC,KAAT,QAASA,KAAT;AAAA,QAAgBC,KAAhB,QAAgBA,KAAhB;AAAA,WAA4B,aAAY,UAACC,OAAD,EAAUC,MAAV,EAAqB;AAChFX,gBACKY,IADL,qCAEKC,GAFL,CAES,eAFT,cAEoCX,MAFpC,EAGKY,IAHL,CAGU;AACFP,sBADE;AAEFC,wBAFE;AAGFC;AAHE,SAHV,EAQKM,GARL,CAQS,UAACC,GAAD,SAAmB;AAAA,gBAAXC,IAAW,SAAXA,IAAW;;AACpB,gBAAID,GAAJ,EAASL,OAAOK,GAAP;AACTN,oBAAQO,IAAR;AACH,SAXL;AAYH,KAbkD,CAA5B;AAAA,CAAvB;;AAeA,OAAO,IAAMC,gBAAgB,SAAhBA,aAAgB,CAACC,QAAD,EAAWC,MAAX,EAAmBC,WAAnB;AAAA,QAAgCC,UAAhC,uEAA6C,EAA7C;AAAA,WAAoD;AAAA,6EAAY,iBAAOZ,OAAP,EAAgBC,MAAhB;AAAA;;AAA
[...]
:1},"b":{"0":[1,1,0,1,1],"1":[0,1],"2":[1,0],"3":[1,1]},"inputSourceMap":{"version":3,"sources":["src/server.spec.js"],"names":["chai","chaiHttp","axios","MockAdapter","crypto","app","signin","userPool","dropDb","username","process","env","TEST_USERNAME","password","TEST_PASSWORD","secret","PAYSTACK_SECRET","mock","expect","use","global","fetch","require","describe","token","user","emailCode","invoiceId","invoice_code","accessBankCode","milestones","it","cognitoUser","getCurrentUser","getSession","err","result","console","error","isValid","getIdToken","getJwtToken","payload","to","have","property","done","request","post","set","send","description","type","deliveryAmount","purchaseAmount","customerName","customerEmail","customerPhone","whoPaysPipepayFee","whoPaysDeliveryFee","end","res","body","data","_id","be","success","equal","get","payment","event","paid","status","amount","transaction","reference","customer","first_name","last_name","email","hash","createHmac","update","digest","accepted","code","length","greaterThan","haveOwnProperty","marchantEmail","category","from","reason","delete","Date"],"mappings":";;;;;;AAAA,OAAOA,IAAP,MAAiB,MAAjB;AACA,OAAOC,QAAP,MAAqB,WAArB;AACA,OAAOC,KAAP,MAAkB,OAAlB;AACA,OAAOC,WAAP,MAAwB,oBAAxB;AACA,OAAOC,MAAP,MAAmB,QAAnB;AACA,OAAOC,GAAP,MAAgB,UAAhB;AACA,SAASC,MAAT,EAAiBC,QAAjB,EAA2BC,MAA3B,QAAyC,qBAAzC;;AAEA,IAAMC,WAAWC,QAAQC,GAAR,CAAYC,aAA7B;AACA,IAAMC,WAAWH,QAAQC,GAAR,CAAYG,aAA7B;AACA,IAAMC,SAASL,QAAQC,GAAR,CAAYK,eAA3B;AACA,IAAMC,OAAO,IAAId,WAAJ,CAAgBD,KAAhB,CAAb;AACA,IAAMgB,SAASlB,KAAKkB,MAApB;;AAEAlB,KAAKmB,GAAL,CAASlB,QAAT;AACAmB,OAAOC,KAAP,GAAeC,QAAQ,qBAAR,CAAf;;AAEAd;;AAEAe,SAAS,mBAAT,EAA8B,YAAM;;AAEhC,QAAIC,cAAJ;AACA,QAAIC,aAAJ;AACA,QAAIC,YAAY,UAAhB;AACA,QAAIC,YAAY,IAAhB;AACA,QAAIC,eAAe,IAAnB;AACA,QAAIC,iBAAiB,IAArB;AACA,QAAIC,aAAa,IAAjB;;AAEAC,OAAG,OAAH,2DAAY;AAAA;AAAA;AAAA;AAAA;AAAA;AAAA;AAAA;AAAA,+BAEEzB,OAAOG,QAAP,EAAiBI,QAAjB,CAFF;;AAAA;AAGEmB,mCAHF,GAGgBzB,SAAS0B,cAAT,EAHhB;;AAIJD,oCAAYE,UAAZ,CAAuB,UAACC,GAAD,EAAMC,MAAN,EAAiB;AACpC,gCAAID,GAAJ,EAASE,QAAQC,KAAR,CAAcH,GAAd;;AAET,gCAAIC,UAAUA,OAAOG,OAAP,EAAd,EAAgC;AAC5Bf,wCAAQY,OAAOI,UAAP,GAAoBC,WAApB,EAAR;AACAhB,uCAAOW,OAAOI,UAAP,GAAoBE,OAA3B;AACH;;AAEDxB,mCAAOO,IAAP,EAAakB,EAAb,CAAgBC,IAAhB,CAAqBC,QAArB,CAA8B,KAA9B;AACH,yBATD;AAJI;AAAA;;AAAA;AAAA;AAAA;AAAA;;AAAA;AAAA;AAAA;AAAA;AAAA;AAAA;AAAA,KAAZ;;AAmBAd,OAAG,gBAAH,EAAqB,UAACe,IAAD,EAAU;AAC3B9C,aAAK+C,OAAL,CAAa1C,GAAb,EACC2C,IADD,CACM,cADN,EAECC,GAFD,CAEK;AACD,yCAA2BzB;AAD1B,SAFL,EAKC0B,IALD,CAKM;AACFC,yBAAa,oBADX;AAEFC,kBAAM,MAFJ;;AAIFC,4BAAgB,GAJd;AAKFC,4BAAgB,IALd;;AAOFC,0BAAc,kBAPZ;AAQFC,2BAAe,sBARb;AASFC,2BAAe,aATb;;AAWFC,+BAAmB,QAXjB;AAYFC,gCAAoB;AAZlB,SALN,EAmBCC,GAnBD,CAmBK,UAACzB,GAAD,EAAM0B,GAAN,EAAc;AACfjC,2BAAeiC,IAAIC,IAAJ,CAASC,IAAT,CAAcnC,YAA7B;AACAD,wBAAYkC,IAAIC,IAAJ,CAASC,IAAT,CAAcC,GAA1B;AACA9C,mBAAO2C,IAAIC,IAAJ,CAASC,IAAhB,EAAsBpB,EAAtB,CAAyBsB,EAAzB,CAA4BrB,IAA5B,CAAiCC,QAAjC,CAA0C,cAA1C;AACA3B,mBAAO2C,IAAIC,IAAJ,CAASI,OAAhB,EAAyBvB,EAAzB,CAA4BsB,EAA5B,CAA+BE,KAA/B,CAAqC,IAArC;AACArB;AACH,SAzBD;AA0BH,KA3BD;;AA6BAf,OAAG,iBAAH,EAAsB,UAACe,IAAD,EAAU;AAC5B9C,aAAK+C,OAAL,CAAa1C,GAAb,EACC+D,GADD,CACK,kBAAgBzC,SADrB,EAECiC,GAFD,CAEK,UAACzB,GAAD,EAAM0B,GAAN,EAAc;AACf3C,mBAAO2C,IAAIC,IAAJ,CAASC,IAAT,CAAcC,GAArB,EAA0BrB,EAA1B,CAA6BsB,EAA7B,CAAgCE,KAAhC,CAAsCxC,SAAtC;AACAT,mBAAO2C,IAAIC,IAAJ,CAASC,IAAhB,EAAsBpB,EAAtB,CAAyBC,IAAzB,CAA8BC,QAA9B,CAAuC,YAAvC;AACA3B,mBAAO2C,IAAIC,IAAJ,CAASI,OAAhB,EAAyBvB,EAAzB,CAA4BsB,EAA5B,CAA+BE,KAA/B,CAAqC,IAArC;AACArB;AACH,SAPD;AAQH,KATD;;AAWAf,OAAG,gBAAH,EAAqB,UAACe,IAAD,EAAU;AAC3B,YAAMuB,UAAU;AACZC,mBAAO,gBADK;AAEZP,kBAAM;AACFQ,sBAAM,IADJ;AAEFC,wBAAQ,SAFN;AAGFC,wBAAQ,MAHN;AAIF7C,0CAJE;AAKF8C,6BAAa;AACTC,+BAAW;AADF,iBALX;AAQFC,0BAAU;AACNC,gCAAY,QADN;AAENC,+BAAW,WAFL;AAGNC,2BAAO;AAHD;AARR;AAFM,SAAhB;;AAkBA,YAAMC,OAAO5E,OAAO6E,UAAP,CAAkB,QAAlB,EAA4BlE,MAA5B,EAAoCmE,MAApC,CAA2C,gBAAeb,OAAf,CAA3C,EAAoEc,MAApE,CAA2E,KAA3E,CAAb;;AAEAnF,aAAK+C,OAAL,CAAa1C,GAAb,EACC2C,IADD,CACM,cADN,EAECC,GAFD,CAEK;AACD,oCAAwB+B;AADvB,SAFL,EAKC9B,IALD,CAKMmB,OALN,EAMCT,GAND,CAMK,UAACzB,GAAD,EAAM0B,GAAN,EAAc;AACf3C,mBAAO2C,IAAIW,MAAX,EAAmB7B,EAAnB,CAAsBsB,EAAtB,CAAyBE,KAAzB,CAA+B,GAA/B;AACArB;AACH,SATD;AAWH,KAhCD;;AAkCAf,OAAG,aAAH,EAAkB,UAACe,IAAD,EAAU;AACxB9C,aAAK+C,OAAL,CAAa1C,GAAb,EACC+D,GADD,CACK,kBAAgBzC,SADrB,EAECiC,GAFD,CAEK,UAACzB,GAAD,EAAM0B,GAAN,EAAc;AACf3C,mBAAO2C,IAAIC,IAAJ,CAASC,IAAT,CAAcpC,SAArB,EAAgCgB,EAAhC,CAAmCsB,EAAnC,CAAsCE,KAAtC,CAA4CxC,SAA5C;AACAT,mBAAO2C,IAAIC,IAAJ,CAASI,OAAhB,EAAyBvB,EAAzB,CAA4BsB,EAA5B,CAA+BE,KAA/B,CAAqC,IAArC;AACArB;AACH,SAND;AAOH,KARD;;AAUAf,OAAG,gCAAH,EAAqC,UAACe,IAAD,EAAU;AAC3C9C,aAAK+C,OAAL,CAAa1C,GAAb,EACC+D,GADD,CACK,iBAAezC,SADpB,EAECiC,GAFD,CAEK,UAACzB,GAAD,EAAM0B,GAAN,EAAc;AACf3C,mBAAO2C,IAAIC,IAAJ,CAASI,OAAhB,EAAyBvB,EAAzB,CAA4BsB,EAA5B,CAA+BE,KAA/B,CAAqC,IAArC;AACArB;AACH,SALD;AAMH,KAPD;;AASAf,OAAG,mCAAH,EAAwC,UAACe,IAAD,EAAU;AAC9C9C,aAAK+C,OAAL,CAAa1C,GAAb,EACC2C,IADD,CACM,kBAAgBrB,SADtB,EAECuB,IAFD,CAEM;AACFkC,sBAAU;AADR,SAFN,EAKCxB,GALD,CAKK,UAACzB,GAAD,EAAM0B,GAAN,EAAc;AACf3C,mBAAO2C,IAAIC,IAAJ,CAASI,OAAhB,EAAyBvB,EAAzB,CAA4BsB,EAA5B,CAA+BE,KAA/B,CAAqC,KAArC;AACArB;AACH,SARD;AASH,KAVD;;AAYAf,OAAG,2BAAH,EAAgC,UAACe,IAAD,EAAU;AACtC9C,aAAK+C,OAAL,CAAa1C,GAAb,EACC2C,IADD,CACM,kBAAgBrB,SADtB,EAECuB,IAFD,CAEM;AACFxB,gCADE;AAEF0D,sBAAU;AAFR,SAFN,EAMCxB,GAND,CAMK,UAACzB,GAAD,EAAM0B,GAAN,EAAc;AACf3C,mBAAO2C,IAAIC,IAAJ,CAASC,IAAT,CAAcS,MAArB,EAA6B7B,EAA7B,CAAgCsB,EAAhC,CAAmCE,KAAnC,CAAyC,UAAzC;AACAjD,mBAAO2C,IAAIC,IAAJ,CAASI,OAAhB,EAAyBvB,EAAzB,CAA4BsB,EAA5B,CAA+BE,KAA/B,CAAqC,IAArC;AACArB;AACH,SAVD;AAWH,KAZD;;AAcAf,OAAG,2BAAH,EAAgC,UAACe,IAAD,EAAU;AACtC9C,aAAK+C,OAAL,CAAa1C,GAAb,EACC2C,IADD,CACM,kBAAgBrB,SADtB,EAECuB,IAFD,CAEM;AACFxB,gCADE;AAEF0D,sBAAU;AAFR,SAFN,EAMCxB,GAND,CAMK,UAACzB,GAAD,EAAM0B,GAAN,EAAc;AACf3C,mBAAO2C,IAAIC,IAAJ,CAASC,IAAT,CAAcS,MAArB,EAA6B7B,EAA7B,CAAgCsB,EAAhC,CAAmCE,KAAnC,CAAyC,UAAzC;AACAjD,mBAAO2C,IAAIC,IAAJ,CAASI,OAAhB,EAAyBvB,EAAzB,CAA4BsB,EAA5B,CAA+BE,KAA/B,CAAqC,IAArC;AACArB;AACH,SAVD;AAWH,KAZD;;AAcAf,OAAG,mBAAH,EAAwB,UAACe,IAAD,EAAU;AAC9B9C,aAAK+C,OAAL,CAAa1C,GAAb,EACC+D,GADD,CACK,aADL,EAECR,GAFD,CAEK,UAACzB,GAAD,EAAM0B,GAAN,EAAc;AACfhC,6BAAiBgC,IAAIC,IAAJ,CAASC,IAAT,CAAc,CAAd,EAAiBsB,IAAlC;AACAnE,mBAAO2C,IAAIC,IAAJ,CAASC,IAAT,CAAcuB,MAArB,EAA6B3C,EAA7B,CAAgCsB,EAAhC,CAAmCsB,WAAnC,CAA+C,CAA/C;AACArE,mBAAO2C,IAAIC,IAAJ,CAASI,OAAhB,EAAyBvB,EAAzB,CAA4BsB,EAA5B,CAA+BE,KAA/B,CAAqC,IAArC;AACArB;AACH,SAPD;AAQH,KATD;;AAWAf,OAAG,wBAAH,EAA6B,UAACe,IAAD,EAAU;AACnC9C,aAAK+C,OAAL,CAAa1C,GAAb,EACC+D,GADD,wBAC0BvC,cAD1B,kBAEC+B,GAFD,CAEK,UAACzB,GAAD,EAAM0B,GAAN,EAAc;AACf3C,mBAAO2C,IAAIC,IAAJ,CAASC,IAAhB,EAAsBpB,EAAtB,CAAyB6C,eAAzB,CAAyC,cAAzC;AACAtE,mBAAO2C,IAAIC,IAAJ,CAASI,OAAhB,EAAyBvB,EAAzB,CAA4BsB,EAA5B,CAA+BE,KAA/B,CAAqC,IAArC;AACArB;AACH,SAND;AAOH,KARD;;AAUAf,OAAG,gBAAH,EAAqB,UAACe,IAAD,EAAU;AAC3B9C,aAAK+C,OAAL,CAAa1C,GAAb,EACC2C,IADD,mBACsBrB,SADtB,EAECuB,IAFD,CAEM;AACFM,2BAAe,qBADb;AAEFiC,2BAAe,sBAFb;AAGFC,sBAAU,EAHR;AAIFC,kBAAM,UAJJ;AAKFC,oBAAQ;AALN,SAFN,EASChC,GATD,CASK,UAACzB,GAAD,EAAM0B,GAAN,EAAc;AACf3C,mBAAO2C,IAAIC,IAAJ,CAASC,IAAhB,EAAsBpB,EAAtB,CAAyB6C,eAAzB,CAAyC,KAAzC;AACAtE,mBAAO2C,IAAIC,IAAJ,CAASI,OAAhB,EAAyBvB,EAAzB,CAA4BsB,EAA5B,CAA+BE,KAA/B,CAAqC,IAArC;AACArB;AACH,SAbD;AAcH,KAfD;;AAiBAf,OAAG,aAAH,EAAkB,UAACe,IAAD,EAAU;AACxB9C,aAAK+C,OAAL,CAAa1C,GAAb,EACC+D,GADD,mBACqBzC,SADrB,EAECiC,GAFD,CAEK,UAACzB,GAAD,EAAM0B,GAAN,EAAc;AACf3C,mBAAO2C,IAAIC,IAAJ,CAASC,IAAT,CAAcS,MAArB,EAA6B7B,EAA7B,CAAgCwB,KAAhC,CAAsC,MAAtC;AACAjD,mBAAO2C,IAAIC,IAAJ,CAASI,OAAhB,EAAyBvB,EAAzB,CAA4BsB,EAA5B,CAA+BE,KAA/B,CAAqC,IAArC;AACArB;AACH,SAND;AAOH,KARD;;AAUAf,OAAG,gBAAH,EAAqB,UAACe,IAAD,EAAU;AAC3B9C,aAAK+C,OAAL,CAAa1C,GAAb,EACCwF,MADD,CACQ,kBAAgBlE,SADxB,EAECsB,GAFD,CAEK;AACD,yCAA2BzB;AAD1B,SAFL,EAKCoC,GALD,CAKK,UAACzB,GAAD,EAAM0B,GAAN,EAAc;AACf3C,mBAAO2C,IAAIC,IAAJ,CAASI,OAAhB,EAAyBvB,EAAzB,CAA4BsB,EAA5B,CAA+BE,KAA/B,CAAqC,IAArC;AACArB;AACH,SARD;AASH,KAVD;;AAYAf,OAAG,0BAAH,EAA+B,UAACe,IAAD,EAAU;AACrC9C,aAAK+C,OAAL,CAAa1C,GAAb,EACK2C,IADL,CACU,cADV,EAEKC,GAFL,CAES;AACD,yCAA2BzB;AAD1B,SAFT,EAKK0B,IALL,CAKU;AACFC,yBAAa,oBADX;AAEFC,kBAAM,SAFJ;;AAIFtB,wBAAY,CAAC;AACT,wBAAQ,QADC;AAET,0BAAU,KAFD;AAGT,+BAAe,UAHN;AAIT,2BAAY,IAAIgE,IAAJ;AAJH,aAAD,EAKV;AACE,wBAAQ,aADV;AAEE,0BAAU,KAFZ;AAGE,+BAAe,QAHjB;AAIE,2BAAY,IAAIA,IAAJ;AAJd,aALU,EAUV;AACE,wBAAQ,YADV;AAEE,0BAAU,KAFZ;AAGE,+BAAe,WAHjB;AAIE,2BAAY,IAAIA,IAAJ;AAJd,aAVU,CAJV;;AAqBFvC,0BAAc,kBArBZ;AAsBFC,2BAAe,sBAtBb;AAuBFC,2BAAe,aAvBb;;AAyBFC,+BAAmB;AAzBjB,SALV,EAgCKE,GAhCL,CAgCS,UAACzB,GAAD,EAAM0B,GAAN,EAAc;AACfjC,2BAAeiC,IAAIC,IAAJ,CAASC,IAAT,CAAcnC,YAA7B;AACAD,wBAAYkC,IAAIC,IAAJ,CAASC,IAAT,CAAcC,GAA1B;AACAlC,yBAAa+B,IAAIC,IAAJ,CAASC,IAAT,CAAcjC,UAA3B;AACAZ,mBAAO2C,IAAIC,IAAJ,CAASC,IAAhB,EAAsBpB,EAAtB,CAAyBsB,EAAzB,CAA4BrB,IAA5B,CAAiCC,QAAjC,CAA0C,cAA1C;AACA3B,mBAAO2C,IAAIC,IAAJ,CAASI,OAAhB,EAAyBvB,EAAzB,CAA4BsB,EAA5B,CAA+BE,KAA/B,CAAqC,IAArC;AACArB;AACH,SAvCL;AAwCC,KAzCL;;AA2CAf,OAAG,2BAAH,EAAgC,UAACe,IAAD,EAAU;AACtC9C,aAAK+C,OAAL,CAAa1C,GAAb,EACK+D,GADL,CACS,kBAAgBzC,SAAhB,GAA0B,GAA1B,GAA8BG,WAAW,CAAX,EAAckC,GADrD,EAEKf,GAFL,CAES;AACD,yCAA2BzB;AAD1B,SAFT,EAKKoC,GALL,CAKS,UAACzB,GAAD,EAAM0B,GAAN,EAAc;AACf3C,mBAAO2C,IAAIC,IAAJ,CAASI,OAAhB,EAAyBvB,EAAzB,CAA4BsB,EAA5B,CAA+BE,KAA/B,CAAqC,IAArC;AACArB;AACH,SARL;AASH,KAVD;;AAYAf,OAAG,qCAAH,EAA0C,UAACe,IAAD,EAAU;AAChD9C,aAAK+C,OAAL,CAAa1C,GAAb,EACC2C,IADD,CACM,kBAAgBrB,SAAhB,GAA0B,GAA1B,GAA8BG,WAAW,CAAX,EAAckC,GADlD,EAECd,IAFD,CAEM;AACFxB,gCADE;AAEF0D,sBAAU;AAFR,SAFN,EAMCxB,GAND,CAMK,UAACzB,GAAD,EAAM0B,GAAN,EAAc;AACf3C,mBAAO2C,IAAIC,IAAJ,CAASC,IAAT,CAAcjC,UAAd,CAAyB,CAAzB,EAA4ByC,IAAnC,EAAyC5B,EAAzC,CAA4CsB,EAA5C,CAA+CE,KAA/C,CAAqD,IAArD;AACAjD,mBAAO2C,IAAIC,IAAJ,CAASI,OAAhB,EAAyBvB,EAAzB,CAA4BsB,EAA5B,CAA+BE,KAA/B,CAAqC,IAArC;AACArB;AACH,SAVD;AAWH,KAZD;;AAcAf,OAAG,gBAAH,EAAqB,UAACe,IAAD,EAAU;AAC3B9C,aAAK+C,OAAL,CAAa1C,GAAb,EACCwF,MADD,CACQ,kBAAgBlE,SADxB,EAECsB,GAFD,CAEK;AACD,yCAA2BzB;AAD1B,SAFL,EAKCoC,GALD,CAKK,UAACzB,GAAD,EAAM0B,GAAN,EAAc;AACf3C,mBAAO2C,IAAIC,IAAJ,CAASI,OAAhB,EAAyBvB,EAAzB,CAA4BsB,EAA5B,CAA+BE,KAA/B,CAAqC,IAArC;AACArB;AACH,SARD;AASH,KAVD;AAWH,CA9SD","file":"server.spec.js","sourceRoot":"/Users/Sleekvick/Projects/pipepay/server","sourcesContent":["import chai from 'chai';\nimport chaiHttp from 'chai-http';\nimport axios from 'axios';\nimport MockAdapter from 'axios-mock-adapter';\nimport crypto from 'crypto';\nimport app from './server';\nimport { signin, userPool, dropDb } from './test-helpers/auth';\n\nconst username = process.env.TEST_USERNAME;\nconst password = process.env.TEST_PASSWORD;\nconst secret = process.env.PAYSTACK_SECRET;\nconst mock = new MockAdapter(axios);\nconst expect = chai.expect;\n\nchai.use(chaiHttp);\nglobal.fetch = require('node-fetch-polyfill');\n\ndropDb();\n\ndescribe('Server Operations', () => {\n    \n    let token;\n    let user;\n    let emailCode = 'AXYZ0000';\n    let invoiceId = null;\n    let invoice_code = null;\n    let accessBankCode = null;\n    let milestones = null;\n\n    it('Login', async () => {\n        try {\n            await signin(username, password);\n            const cognitoUser = userPool.getCurrentUser();    \n            cognitoUser.getSession((err, result) => {\n                if (err) console.error(err);\n\n                if (result && result.isValid()) {\n                    token = result.getIdToken().getJwtToken();\n                    user = result.getIdToken().payload;\n                }\n\n                expect(user).to.have.property('sub');\n            });\n        } catch (err) {\n            throw err;\n        }\n    });\n\n    it('create invoice', (done) => {\n        chai.request(app)\n        .post('/api/invoice')\n        .set({\n            'Authorization': `Bearer ${token}`\n        })\n        .send({\n            description: \"This is an invoice\",\n            type: 'good',\n            \n            deliveryAmount: 500,\n            purchaseAmount: 5000,\n            \n            customerName: 'Victor Nwaokocha',\n            customerEmail: 'vnwaokocha@gmail.com',\n            customerPhone: '09098612833',\n\n            whoPaysPipepayFee: 'seller',\n            whoPaysDeliveryFee: 'seller'\n        })\n        .end((err, res) => {\n            invoice_code = res.body.data.invoice_code;\n            invoiceId = res.body.data._id;\n            expect(res.body.data).to.be.have.property('invoice_code');\n            expect(res.body.success).to.be.equal(true);\n            done();\n        });\n    });\n\n    it('retrive invoice', (done) => {\n        chai.request(app)\n        .get('/api/invoice/'+invoiceId)\n        .end((err, res) => {\n            expect(res.body.data._id).to.be.equal(invoiceId);\n            expect(res.body.data).to.have.property('totalPrice');\n            expect(res.body.success).to.be.equal(true);\n            done();\n        });\n    });\n\n    it('create payment', (done) => {\n        const payment = {\n            event: 'invoice.update',\n            data: {\n                paid: true,\n                status: \"success\",\n                amount: 200000,\n                invoice_code,\n                transaction: {\n                    reference: \"1234\",\n                },\n                customer: { \n                    first_name: 'Victor',\n                    last_name: 'Nwaokocha',\n                    email: 'nvonweb@outlook.com',\n                } \n            }\n        };\n        \n        const hash = crypto.createHmac('sha512', secret).update(JSON.stringify(payment)).digest('hex');\n\n        chai.request(app)\n        .post('/api/payment')\n        .set({\n            'X-Paystack-Signature': hash\n        })\n        .send(payment)\n        .end((err, res) => {\n            expect(res.status).to.be.equal(200);\n            done();\n        });\n\n    });\n\n    it('get payment', (done) => {\n        chai.request(app)\n        .get('/api/payment/'+invoiceId)\n        .end((err, res) => {\n            expect(res.body.data.invoiceId).to.be.equal(invoiceId);\n            expect(res.body.success).to.be.equal(true);\n            done();\n        });\n    });\n\n    it('send customer verifcation mail', (done) => {\n        chai.request(app)\n        .get('/api/verify/'+invoiceId)\n        .end((err, res) => {\n            expect(res.body.success).to.be.equal(true);\n            done();\n        });\n    });\n\n    it('do not confirm without email code', (done) => {\n        chai.request(app)\n        .post('/api/confirm/'+invoiceId)\n        .send({\n            accepted: true\n        })\n        .end((err, res) => {\n            expect(res.body.success).to.be.equal(false);\n            done();\n        });\n    });\n\n    it('confirm payment::accepted', (done) => {\n        chai.request(app)\n        .post('/api/confirm/'+invoiceId)\n        .send({\n            emailCode,\n            accepted: true\n        })\n        .end((err, res) => {\n            expect(res.body.data.status).to.be.equal(\"accepted\");\n            expect(res.body.success).to.be.equal(true);\n            done();\n        });\n    });\n\n    it('confirm payment::rejected', (done) => {\n        chai.request(app)\n        .post('/api/confirm/'+invoiceId)\n        .send({\n            emailCode,\n            accepted: false\n        })\n        .end((err, res) => {\n            expect(res.body.data.status).to.be.equal(\"rejected\");\n            expect(res.body.success).to.be.equal(true);\n            done();\n        });\n    });\n\n    it('get list of banks', (done) => {\n        chai.request(app)\n        .get('/api/banks/')\n        .end((err, res) => {\n            accessBankCode = res.body.data[0].code;\n            expect(res.body.data.length).to.be.greaterThan(2);\n            expect(res.body.success).to.be.equal(true);\n            done();\n        });\n    });\n\n    it('confirm account number', (done) => {\n        chai.request(app)\n        .get(`/api/banks/verify/${accessBankCode}/0695257934`)\n        .end((err, res) => {\n            expect(res.body.data).to.haveOwnProperty('account_name');\n            expect(res.body.success).to.be.equal(true);\n            done();\n        });\n    })\n    \n    it('create dispute', (done) => {\n        chai.request(app)\n        .post(`/api/dispute/${invoiceId}`)\n        .send({\n            customerEmail: 'nvonweb@outlook.com',\n            marchantEmail: 'vnwaokocha@gmail.com',\n            category: '',\n            from: 'marchant',\n            reason: 'I don\\'t want anymore'\n        })\n        .end((err, res) => {\n            expect(res.body.data).to.haveOwnProperty('_id');\n            expect(res.body.success).to.be.equal(true);\n            done();\n        });\n    });\n\n    it('get dispute', (done) => {\n        chai.request(app)\n        .get(`/api/dispute/${invoiceId}`)\n        .end((err, res) => {\n            expect(res.body.data.status).to.equal('open');\n            expect(res.body.success).to.be.equal(true);\n            done();\n        });\n    });\n\n    it('delete invoice', (done) => {\n        chai.request(app)\n        .delete('/api/invoice/'+invoiceId)\n        .set({\n            'Authorization': `Bearer ${token}`\n        })\n        .end((err, res) => {\n            expect(res.body.success).to.be.equal(true);\n            done();\n        });\n    });\n\n    it('create milestone invoice', (done) => {\n        chai.request(app)\n            .post('/api/invoice')\n            .set({\n                'Authorization': `Bearer ${token}`\n            })\n            .send({\n                description: \"This is an invoice\",\n                type: 'service',\n                \n                milestones: [{\n                    'name': 'Design',\n                    'amount': 30000,\n                    'description': 'Desiging',\n                    'dueDate':  new Date()\n                },{\n                    'name': 'Development',\n                    'amount': 30000,\n                    'description': 'Coding',\n                    'dueDate':  new Date()\n                },{\n                    'name': 'Deployment',\n                    'amount': 30000,\n                    'description': 'Deploying',\n                    'dueDate':  new Date()\n                }],\n                \n                customerName: 'Victor Nwaokocha',\n                customerEmail: 'vnwaokocha@gmail.com',\n                customerPhone: '09098612833',\n\n                whoPaysPipepayFee: 'seller'\n            })\n            .end((err, res) => {\n                invoice_code = res.body.data.invoice_code;\n                invoiceId = res.body.data._id;\n                milestones = res.body.data.milestones;\n                expect(res.body.data).to.be.have.property('invoice_code');\n                expect(res.body.success).to.be.equal(true);\n                done();\n            });\n        });\n\n    it('request milestone payment', (done) => {\n        chai.request(app)\n            .get('/api/request/'+invoiceId+'/'+milestones[0]._id)\n            .set({\n                'Authorization': `Bearer ${token}`\n            })\n            .end((err, res) => {\n                expect(res.body.success).to.be.equal(true);\n                done();\n            });\n    });\n\n    it('confirm milestone payment::accepted', (done) => {\n        chai.request(app)\n        .post('/api/confirm/'+invoiceId+'/'+milestones[0]._id)\n        .send({\n            emailCode,\n            accepted: true\n        })\n        .end((err, res) => {\n            expect(res.body.data.milestones[0].paid).to.be.equal(true);\n            expect(res.body.success).to.be.equal(true);\n            done();\n        });\n    });\n\n    it('delete invoice', (done) => {\n        chai.request(app)\n        .delete('/api/invoice/'+invoiceId)\n        .set({\n            'Authorization': `Bearer ${token}`\n        })\n        .end((err, res) => {\n            expect(res.body.success).to.be.equal(true);\n            done();\n        });\n    });\n});"]},"_coverageSchema":"332fd63041d2c1bcb487cc26dd0d5f7d97098a6c","hash":"713840e7177bb7cd40f1ca6ca0102c7d61b4be31"}}